<?xml version="1.0" encoding="UTF-8"?>
<!-- Generated by org.testng.reporters.JUnitXMLReporter -->
<testsuite ignored="13" hostname="DESKTOP-QPPOL30" failures="4" tests="9" name="All tests" time="35.9" errors="0"
           timestamp="2020-05-01T19:50:42 PDT">
    <testcase classname="tests.LoginTests" name="loginTest_CorrectCredentials_LoggedToApp" time="1.582">
        <failure type="org.openqa.selenium.NoSuchElementException"
                 message="no such element: Unable to locate element: {&amp;quot;method&amp;quot;:&amp;quot;xpath&amp;quot;,&amp;quot;selector&amp;quot;:&amp;quot;//*[@type=&amp;apos;777submit&amp;apos;]&amp;quot;}
  (Session info: headless chrome=81.0.4044.129)
For documentation on this error, please visit: https://www.seleniumhq.org/exceptions/no_such_element.html
Build info: version: &amp;apos;3.141.59&amp;apos;, revision: &amp;apos;e82be7d358&amp;apos;, time: &amp;apos;2018-11-14T08:17:03&amp;apos;
System info: host: &amp;apos;DESKTOP-QPPOL30&amp;apos;, ip: &amp;apos;192.168.1.138&amp;apos;, os.name: &amp;apos;Windows 10&amp;apos;, os.arch: &amp;apos;amd64&amp;apos;, os.version: &amp;apos;10.0&amp;apos;, java.version: &amp;apos;14.0.1&amp;apos;
Driver info: org.openqa.selenium.chrome.ChromeDriver
Capabilities {acceptInsecureCerts: false, browserName: chrome, browserVersion: 81.0.4044.129, chrome: {chromedriverVersion: 81.0.4044.69 (6813546031a4b..., userDataDir: C:\Users\Anton\AppData\Loca...}, goog:chromeOptions: {debuggerAddress: localhost:53962}, javascriptEnabled: true, networkConnectionEnabled: false, pageLoadStrategy: normal, platform: WINDOWS, platformName: WINDOWS, proxy: Proxy(), setWindowRect: true, strictFileInteractability: false, timeouts: {implicit: 0, pageLoad: 300000, script: 30000}, unhandledPromptBehavior: dismiss and notify, webauthn:virtualAuthenticators: true}
Session ID: e3be1521430e63bc5dd31cfc21f5fd62
*** Element info: {Using=xpath, value=//*[@type=&amp;apos;777submit&amp;apos;]}">
            <![CDATA[org.openqa.selenium.NoSuchElementException: no such element: Unable to locate element: {"method":"xpath","selector":"//*[@type='777submit']"}
  (Session info: headless chrome=81.0.4044.129)
For documentation on this error, please visit: https://www.seleniumhq.org/exceptions/no_such_element.html
Build info: version: '3.141.59', revision: 'e82be7d358', time: '2018-11-14T08:17:03'
System info: host: 'DESKTOP-QPPOL30', ip: '192.168.1.138', os.name: 'Windows 10', os.arch: 'amd64', os.version: '10.0', java.version: '14.0.1'
Driver info: org.openqa.selenium.chrome.ChromeDriver
Capabilities {acceptInsecureCerts: false, browserName: chrome, browserVersion: 81.0.4044.129, chrome: {chromedriverVersion: 81.0.4044.69 (6813546031a4b..., userDataDir: C:\Users\Anton\AppData\Loca...}, goog:chromeOptions: {debuggerAddress: localhost:53962}, javascriptEnabled: true, networkConnectionEnabled: false, pageLoadStrategy: normal, platform: WINDOWS, platformName: WINDOWS, proxy: Proxy(), setWindowRect: true, strictFileInteractability: false, timeouts: {implicit: 0, pageLoad: 300000, script: 30000}, unhandledPromptBehavior: dismiss and notify, webauthn:virtualAuthenticators: true}
Session ID: e3be1521430e63bc5dd31cfc21f5fd62
*** Element info: {Using=xpath, value=//*[@type='777submit']}
at org.openqa.selenium.remote.http.W3CHttpResponseCodec.createException(W3CHttpResponseCodec.java:187)
at org.openqa.selenium.remote.http.W3CHttpResponseCodec.decode(W3CHttpResponseCodec.java:122)
at org.openqa.selenium.remote.http.W3CHttpResponseCodec.decode(W3CHttpResponseCodec.java:49)
at org.openqa.selenium.remote.HttpCommandExecutor.execute(HttpCommandExecutor.java:158)
at org.openqa.selenium.remote.service.DriverCommandExecutor.execute(DriverCommandExecutor.java:83)
at org.openqa.selenium.remote.RemoteWebDriver.execute(RemoteWebDriver.java:552)
at org.openqa.selenium.remote.RemoteWebDriver.findElement(RemoteWebDriver.java:323)
at org.openqa.selenium.remote.RemoteWebDriver.findElementByXPath(RemoteWebDriver.java:428)
at org.openqa.selenium.By$ByXPath.findElement(By.java:353)
at org.openqa.selenium.remote.RemoteWebDriver.findElement(RemoteWebDriver.java:315)
at pageObjects.LoginPage.getLoginButton(LoginPage.java:25)
at pageObjects.LoginPage.login(LoginPage.java:31)
at tests.LoginTests.loginTest_CorrectCredentials_LoggedToApp(LoginTests.java:19)
at java.base/java.util.concurrent.ThreadPoolExecutor.runWorker(ThreadPoolExecutor.java:1130)
at java.base/java.util.concurrent.ThreadPoolExecutor$Worker.run(ThreadPoolExecutor.java:630)
at java.base/java.lang.Thread.run(Thread.java:832)
... Removed 17 stack frames]]>
        </failure>
    </testcase> <!-- loginTest_CorrectCredentials_LoggedToApp -->
    <testcase classname="tests.LoginTests_new" name="loginTest_CorrectCredentials_LoggedToApp" time="1.59">
        <failure type="org.openqa.selenium.NoSuchElementException"
                 message="no such element: Unable to locate element: {&amp;quot;method&amp;quot;:&amp;quot;xpath&amp;quot;,&amp;quot;selector&amp;quot;:&amp;quot;//*[@type=&amp;apos;777submit&amp;apos;]&amp;quot;}
  (Session info: headless chrome=81.0.4044.129)
For documentation on this error, please visit: https://www.seleniumhq.org/exceptions/no_such_element.html
Build info: version: &amp;apos;3.141.59&amp;apos;, revision: &amp;apos;e82be7d358&amp;apos;, time: &amp;apos;2018-11-14T08:17:03&amp;apos;
System info: host: &amp;apos;DESKTOP-QPPOL30&amp;apos;, ip: &amp;apos;192.168.1.138&amp;apos;, os.name: &amp;apos;Windows 10&amp;apos;, os.arch: &amp;apos;amd64&amp;apos;, os.version: &amp;apos;10.0&amp;apos;, java.version: &amp;apos;14.0.1&amp;apos;
Driver info: org.openqa.selenium.chrome.ChromeDriver
Capabilities {acceptInsecureCerts: false, browserName: chrome, browserVersion: 81.0.4044.129, chrome: {chromedriverVersion: 81.0.4044.69 (6813546031a4b..., userDataDir: C:\Users\Anton\AppData\Loca...}, goog:chromeOptions: {debuggerAddress: localhost:53963}, javascriptEnabled: true, networkConnectionEnabled: false, pageLoadStrategy: normal, platform: WINDOWS, platformName: WINDOWS, proxy: Proxy(), setWindowRect: true, strictFileInteractability: false, timeouts: {implicit: 0, pageLoad: 300000, script: 30000}, unhandledPromptBehavior: dismiss and notify, webauthn:virtualAuthenticators: true}
Session ID: 02ba15cff713ffd6d882d0c0ca4abd8b
*** Element info: {Using=xpath, value=//*[@type=&amp;apos;777submit&amp;apos;]}">
            <![CDATA[org.openqa.selenium.NoSuchElementException: no such element: Unable to locate element: {"method":"xpath","selector":"//*[@type='777submit']"}
  (Session info: headless chrome=81.0.4044.129)
For documentation on this error, please visit: https://www.seleniumhq.org/exceptions/no_such_element.html
Build info: version: '3.141.59', revision: 'e82be7d358', time: '2018-11-14T08:17:03'
System info: host: 'DESKTOP-QPPOL30', ip: '192.168.1.138', os.name: 'Windows 10', os.arch: 'amd64', os.version: '10.0', java.version: '14.0.1'
Driver info: org.openqa.selenium.chrome.ChromeDriver
Capabilities {acceptInsecureCerts: false, browserName: chrome, browserVersion: 81.0.4044.129, chrome: {chromedriverVersion: 81.0.4044.69 (6813546031a4b..., userDataDir: C:\Users\Anton\AppData\Loca...}, goog:chromeOptions: {debuggerAddress: localhost:53963}, javascriptEnabled: true, networkConnectionEnabled: false, pageLoadStrategy: normal, platform: WINDOWS, platformName: WINDOWS, proxy: Proxy(), setWindowRect: true, strictFileInteractability: false, timeouts: {implicit: 0, pageLoad: 300000, script: 30000}, unhandledPromptBehavior: dismiss and notify, webauthn:virtualAuthenticators: true}
Session ID: 02ba15cff713ffd6d882d0c0ca4abd8b
*** Element info: {Using=xpath, value=//*[@type='777submit']}
at org.openqa.selenium.remote.http.W3CHttpResponseCodec.createException(W3CHttpResponseCodec.java:187)
at org.openqa.selenium.remote.http.W3CHttpResponseCodec.decode(W3CHttpResponseCodec.java:122)
at org.openqa.selenium.remote.http.W3CHttpResponseCodec.decode(W3CHttpResponseCodec.java:49)
at org.openqa.selenium.remote.HttpCommandExecutor.execute(HttpCommandExecutor.java:158)
at org.openqa.selenium.remote.service.DriverCommandExecutor.execute(DriverCommandExecutor.java:83)
at org.openqa.selenium.remote.RemoteWebDriver.execute(RemoteWebDriver.java:552)
at org.openqa.selenium.remote.RemoteWebDriver.findElement(RemoteWebDriver.java:323)
at org.openqa.selenium.remote.RemoteWebDriver.findElementByXPath(RemoteWebDriver.java:428)
at org.openqa.selenium.By$ByXPath.findElement(By.java:353)
at org.openqa.selenium.remote.RemoteWebDriver.findElement(RemoteWebDriver.java:315)
at pageObjects.LoginPage.getLoginButton(LoginPage.java:25)
at pageObjects.LoginPage.login(LoginPage.java:31)
at tests.LoginTests_new.loginTest_CorrectCredentials_LoggedToApp(LoginTests_new.java:15)
at java.base/java.util.concurrent.ThreadPoolExecutor.runWorker(ThreadPoolExecutor.java:1130)
at java.base/java.util.concurrent.ThreadPoolExecutor$Worker.run(ThreadPoolExecutor.java:630)
at java.base/java.lang.Thread.run(Thread.java:832)
... Removed 17 stack frames]]>
        </failure>
    </testcase> <!-- loginTest_CorrectCredentials_LoggedToApp -->
    <testcase classname="tests.LoginTests_new" name="loginTest_IncorrectCredentials_NotLoggedToApp" time="1.308">
        <failure type="org.openqa.selenium.NoSuchElementException"
                 message="no such element: Unable to locate element: {&amp;quot;method&amp;quot;:&amp;quot;xpath&amp;quot;,&amp;quot;selector&amp;quot;:&amp;quot;//*[@type=&amp;apos;777submit&amp;apos;]&amp;quot;}
  (Session info: headless chrome=81.0.4044.129)
For documentation on this error, please visit: https://www.seleniumhq.org/exceptions/no_such_element.html
Build info: version: &amp;apos;3.141.59&amp;apos;, revision: &amp;apos;e82be7d358&amp;apos;, time: &amp;apos;2018-11-14T08:17:03&amp;apos;
System info: host: &amp;apos;DESKTOP-QPPOL30&amp;apos;, ip: &amp;apos;192.168.1.138&amp;apos;, os.name: &amp;apos;Windows 10&amp;apos;, os.arch: &amp;apos;amd64&amp;apos;, os.version: &amp;apos;10.0&amp;apos;, java.version: &amp;apos;14.0.1&amp;apos;
Driver info: org.openqa.selenium.chrome.ChromeDriver
Capabilities {acceptInsecureCerts: false, browserName: chrome, browserVersion: 81.0.4044.129, chrome: {chromedriverVersion: 81.0.4044.69 (6813546031a4b..., userDataDir: C:\Users\Anton\AppData\Loca...}, goog:chromeOptions: {debuggerAddress: localhost:53993}, javascriptEnabled: true, networkConnectionEnabled: false, pageLoadStrategy: normal, platform: WINDOWS, platformName: WINDOWS, proxy: Proxy(), setWindowRect: true, strictFileInteractability: false, timeouts: {implicit: 0, pageLoad: 300000, script: 30000}, unhandledPromptBehavior: dismiss and notify, webauthn:virtualAuthenticators: true}
Session ID: 734da819a69b1aae504774b7bcbd0f13
*** Element info: {Using=xpath, value=//*[@type=&amp;apos;777submit&amp;apos;]}">
            <![CDATA[org.openqa.selenium.NoSuchElementException: no such element: Unable to locate element: {"method":"xpath","selector":"//*[@type='777submit']"}
  (Session info: headless chrome=81.0.4044.129)
For documentation on this error, please visit: https://www.seleniumhq.org/exceptions/no_such_element.html
Build info: version: '3.141.59', revision: 'e82be7d358', time: '2018-11-14T08:17:03'
System info: host: 'DESKTOP-QPPOL30', ip: '192.168.1.138', os.name: 'Windows 10', os.arch: 'amd64', os.version: '10.0', java.version: '14.0.1'
Driver info: org.openqa.selenium.chrome.ChromeDriver
Capabilities {acceptInsecureCerts: false, browserName: chrome, browserVersion: 81.0.4044.129, chrome: {chromedriverVersion: 81.0.4044.69 (6813546031a4b..., userDataDir: C:\Users\Anton\AppData\Loca...}, goog:chromeOptions: {debuggerAddress: localhost:53993}, javascriptEnabled: true, networkConnectionEnabled: false, pageLoadStrategy: normal, platform: WINDOWS, platformName: WINDOWS, proxy: Proxy(), setWindowRect: true, strictFileInteractability: false, timeouts: {implicit: 0, pageLoad: 300000, script: 30000}, unhandledPromptBehavior: dismiss and notify, webauthn:virtualAuthenticators: true}
Session ID: 734da819a69b1aae504774b7bcbd0f13
*** Element info: {Using=xpath, value=//*[@type='777submit']}
at org.openqa.selenium.remote.http.W3CHttpResponseCodec.createException(W3CHttpResponseCodec.java:187)
at org.openqa.selenium.remote.http.W3CHttpResponseCodec.decode(W3CHttpResponseCodec.java:122)
at org.openqa.selenium.remote.http.W3CHttpResponseCodec.decode(W3CHttpResponseCodec.java:49)
at org.openqa.selenium.remote.HttpCommandExecutor.execute(HttpCommandExecutor.java:158)
at org.openqa.selenium.remote.service.DriverCommandExecutor.execute(DriverCommandExecutor.java:83)
at org.openqa.selenium.remote.RemoteWebDriver.execute(RemoteWebDriver.java:552)
at org.openqa.selenium.remote.RemoteWebDriver.findElement(RemoteWebDriver.java:323)
at org.openqa.selenium.remote.RemoteWebDriver.findElementByXPath(RemoteWebDriver.java:428)
at org.openqa.selenium.By$ByXPath.findElement(By.java:353)
at org.openqa.selenium.remote.RemoteWebDriver.findElement(RemoteWebDriver.java:315)
at pageObjects.LoginPage.getLoginButton(LoginPage.java:25)
at pageObjects.LoginPage.login(LoginPage.java:31)
at tests.LoginTests_new.loginTest_IncorrectCredentials_NotLoggedToApp(LoginTests_new.java:24)
at java.base/java.util.concurrent.ThreadPoolExecutor.runWorker(ThreadPoolExecutor.java:1130)
at java.base/java.util.concurrent.ThreadPoolExecutor$Worker.run(ThreadPoolExecutor.java:630)
at java.base/java.lang.Thread.run(Thread.java:832)
... Removed 17 stack frames]]>
        </failure>
    </testcase> <!-- loginTest_IncorrectCredentials_NotLoggedToApp -->
    <testcase classname="tests.LoginTests" name="loginTest_IncorrectCredentials_NotLoggedToApp" time="1.42">
        <skipped/>
    </testcase> <!-- loginTest_IncorrectCredentials_NotLoggedToApp -->
    <testcase classname="tests.LoginTests" name="loginTest_IncorrectCredentials_NotLoggedToApp" time="1.373">
        <skipped/>
    </testcase> <!-- loginTest_IncorrectCredentials_NotLoggedToApp -->
    <testcase classname="tests.LoginTests" name="loginTest_IncorrectCredentials_NotLoggedToApp" time="1.254">
        <skipped/>
    </testcase> <!-- loginTest_IncorrectCredentials_NotLoggedToApp -->
    <testcase classname="tests.LoginTests" name="loginTest_IncorrectCredentials_NotLoggedToApp" time="1.363">
        <skipped/>
    </testcase> <!-- loginTest_IncorrectCredentials_NotLoggedToApp -->
    <testcase classname="tests.LoginTests" name="loginTest_IncorrectCredentials_NotLoggedToApp" time="1.282">
        <skipped/>
    </testcase> <!-- loginTest_IncorrectCredentials_NotLoggedToApp -->
    <testcase classname="tests.LoginTests" name="loginTest_IncorrectCredentials_NotLoggedToApp" time="1.538">
        <failure type="org.openqa.selenium.NoSuchElementException"
                 message="no such element: Unable to locate element: {&amp;quot;method&amp;quot;:&amp;quot;xpath&amp;quot;,&amp;quot;selector&amp;quot;:&amp;quot;//*[@type=&amp;apos;777submit&amp;apos;]&amp;quot;}
  (Session info: headless chrome=81.0.4044.129)
For documentation on this error, please visit: https://www.seleniumhq.org/exceptions/no_such_element.html
Build info: version: &amp;apos;3.141.59&amp;apos;, revision: &amp;apos;e82be7d358&amp;apos;, time: &amp;apos;2018-11-14T08:17:03&amp;apos;
System info: host: &amp;apos;DESKTOP-QPPOL30&amp;apos;, ip: &amp;apos;192.168.1.138&amp;apos;, os.name: &amp;apos;Windows 10&amp;apos;, os.arch: &amp;apos;amd64&amp;apos;, os.version: &amp;apos;10.0&amp;apos;, java.version: &amp;apos;14.0.1&amp;apos;
Driver info: org.openqa.selenium.chrome.ChromeDriver
Capabilities {acceptInsecureCerts: false, browserName: chrome, browserVersion: 81.0.4044.129, chrome: {chromedriverVersion: 81.0.4044.69 (6813546031a4b..., userDataDir: C:\Users\Anton\AppData\Loca...}, goog:chromeOptions: {debuggerAddress: localhost:54086}, javascriptEnabled: true, networkConnectionEnabled: false, pageLoadStrategy: normal, platform: WINDOWS, platformName: WINDOWS, proxy: Proxy(), setWindowRect: true, strictFileInteractability: false, timeouts: {implicit: 0, pageLoad: 300000, script: 30000}, unhandledPromptBehavior: dismiss and notify, webauthn:virtualAuthenticators: true}
Session ID: 146408858fdff252b48faddea8ecce7f
*** Element info: {Using=xpath, value=//*[@type=&amp;apos;777submit&amp;apos;]}">
            <![CDATA[org.openqa.selenium.NoSuchElementException: no such element: Unable to locate element: {"method":"xpath","selector":"//*[@type='777submit']"}
  (Session info: headless chrome=81.0.4044.129)
For documentation on this error, please visit: https://www.seleniumhq.org/exceptions/no_such_element.html
Build info: version: '3.141.59', revision: 'e82be7d358', time: '2018-11-14T08:17:03'
System info: host: 'DESKTOP-QPPOL30', ip: '192.168.1.138', os.name: 'Windows 10', os.arch: 'amd64', os.version: '10.0', java.version: '14.0.1'
Driver info: org.openqa.selenium.chrome.ChromeDriver
Capabilities {acceptInsecureCerts: false, browserName: chrome, browserVersion: 81.0.4044.129, chrome: {chromedriverVersion: 81.0.4044.69 (6813546031a4b..., userDataDir: C:\Users\Anton\AppData\Loca...}, goog:chromeOptions: {debuggerAddress: localhost:54086}, javascriptEnabled: true, networkConnectionEnabled: false, pageLoadStrategy: normal, platform: WINDOWS, platformName: WINDOWS, proxy: Proxy(), setWindowRect: true, strictFileInteractability: false, timeouts: {implicit: 0, pageLoad: 300000, script: 30000}, unhandledPromptBehavior: dismiss and notify, webauthn:virtualAuthenticators: true}
Session ID: 146408858fdff252b48faddea8ecce7f
*** Element info: {Using=xpath, value=//*[@type='777submit']}
at org.openqa.selenium.remote.http.W3CHttpResponseCodec.createException(W3CHttpResponseCodec.java:187)
at org.openqa.selenium.remote.http.W3CHttpResponseCodec.decode(W3CHttpResponseCodec.java:122)
at org.openqa.selenium.remote.http.W3CHttpResponseCodec.decode(W3CHttpResponseCodec.java:49)
at org.openqa.selenium.remote.HttpCommandExecutor.execute(HttpCommandExecutor.java:158)
at org.openqa.selenium.remote.service.DriverCommandExecutor.execute(DriverCommandExecutor.java:83)
at org.openqa.selenium.remote.RemoteWebDriver.execute(RemoteWebDriver.java:552)
at org.openqa.selenium.remote.RemoteWebDriver.findElement(RemoteWebDriver.java:323)
at org.openqa.selenium.remote.RemoteWebDriver.findElementByXPath(RemoteWebDriver.java:428)
at org.openqa.selenium.By$ByXPath.findElement(By.java:353)
at org.openqa.selenium.remote.RemoteWebDriver.findElement(RemoteWebDriver.java:315)
at pageObjects.LoginPage.getLoginButton(LoginPage.java:25)
at pageObjects.LoginPage.login(LoginPage.java:31)
at tests.LoginTests.loginTest_IncorrectCredentials_NotLoggedToApp(LoginTests.java:29)
at java.base/java.util.concurrent.ThreadPoolExecutor.runWorker(ThreadPoolExecutor.java:1130)
at java.base/java.util.concurrent.ThreadPoolExecutor$Worker.run(ThreadPoolExecutor.java:630)
at java.base/java.lang.Thread.run(Thread.java:832)
... Removed 17 stack frames]]>
        </failure>
    </testcase> <!-- loginTest_IncorrectCredentials_NotLoggedToApp -->
    <testcase classname="tests.HomePageTests" name="homePageTest_AddPlaylist_NewPlaylistAdded" time="0.0">
        <ignored/>
    </testcase> <!-- homePageTest_AddPlaylist_NewPlaylistAdded -->
    <testcase classname="tests.HomePageTests_new" name="new_playlist_addSongToPlaylist_SongsAddedToPlaylist" time="0.0">
        <ignored/>
    </testcase> <!-- new_playlist_addSongToPlaylist_SongsAddedToPlaylist -->
    <testcase classname="tests.LoginTests" name="test_Sum" time="0.0">
        <ignored/>
    </testcase> <!-- test_Sum -->
    <testcase classname="tests.HomePageTests_new" name="new_homePageTest_AddPlaylist_NewPlaylistAdded" time="0.0">
        <ignored/>
    </testcase> <!-- new_homePageTest_AddPlaylist_NewPlaylistAdded -->
    <testcase classname="tests.HomePageTests" name="homePageTest_DeleteSimilarPlaylists_SimilarPlaylistSDeleted"
              time="0.0">
        <ignored/>
    </testcase> <!-- homePageTest_DeleteSimilarPlaylists_SimilarPlaylistSDeleted -->
    <testcase classname="tests.HomePageTests_new" name="new_homePageTest_Add5Playlists_New5PlaylistsAdded" time="0.0">
        <ignored/>
    </testcase> <!-- new_homePageTest_Add5Playlists_New5PlaylistsAdded -->
    <testcase classname="tests.HomePageTests" name="playlist_addSongToPlaylist_SongsAddedToPlaylist" time="0.0">
        <ignored/>
    </testcase> <!-- playlist_addSongToPlaylist_SongsAddedToPlaylist -->
    <testcase classname="tests.HomePageTests_new" name="new_homePageTest_DeleteSimilarPlaylists_SimilarPlaylistSDeleted"
              time="0.0">
        <ignored/>
    </testcase> <!-- new_homePageTest_DeleteSimilarPlaylists_SimilarPlaylistSDeleted -->
    <testcase classname="tests.HomePageTests" name="homePageTest_EditLastPlaylist_LastPlaylistEdited" time="0.0">
        <ignored/>
    </testcase> <!-- homePageTest_EditLastPlaylist_LastPlaylistEdited -->
    <testcase classname="tests.HomePageTests_new" name="new_homePageTest_EditLastPlaylist_LastPlaylistEdited"
              time="0.0">
        <ignored/>
    </testcase> <!-- new_homePageTest_EditLastPlaylist_LastPlaylistEdited -->
    <testcase classname="tests.HomePageTests" name="homePageTest_Add5Playlists_New5PlaylistsAdded" time="0.0">
        <ignored/>
    </testcase> <!-- homePageTest_Add5Playlists_New5PlaylistsAdded -->
    <testcase classname="tests.LoginTests" name="test_String_Sum" time="0.0">
        <ignored/>
    </testcase> <!-- test_String_Sum -->
    <testcase classname="tests.LoginTests" name="test_Fails" time="0.0">
        <ignored/>
    </testcase> <!-- test_Fails -->
</testsuite> <!-- All tests -->
