<?xml version="1.0" encoding="UTF-8"?>
<!-- Generated by org.testng.reporters.JUnitXMLReporter -->
<testsuite ignored="3" hostname="DESKTOP-1TJR8E3" failures="4" tests="10" name="All tests" time="38.046" errors="0" timestamp="04 May 2020 01:08:05 GMT">
  <testcase classname="tests.LoginTests_new" name="new_loginTest_correctCredentials_loggedToApp" time="6.162"/>
  <testcase classname="tests.LoginTests" name="loginTest_correctCredentials_loggedToApp" time="7.173"/>
  <testcase classname="tests.HomepageTests_new" name="new_loginTest_createNewPlaylist_newPlaylistCreated" time="8.783">
    <failure type="org.openqa.selenium.ElementClickInterceptedException" message="element click intercepted: Element &amp;lt;i class=&amp;quot;fa fa-plus-circle control create&amp;quot;&amp;gt;&amp;lt;/i&amp;gt; is not clickable at point (233, 408). Other element would receive the click: &amp;lt;nav id=&amp;quot;sidebar&amp;quot; class=&amp;quot;side side-nav showing&amp;quot;&amp;gt;...&amp;lt;/nav&amp;gt;
  (Session info: headless chrome=81.0.4044.129)
Build info: version: &amp;apos;3.141.59&amp;apos;, revision: &amp;apos;e82be7d358&amp;apos;, time: &amp;apos;2018-11-14T08:17:03&amp;apos;
System info: host: &amp;apos;DESKTOP-1TJR8E3&amp;apos;, ip: &amp;apos;192.168.128.161&amp;apos;, os.name: &amp;apos;Windows 10&amp;apos;, os.arch: &amp;apos;amd64&amp;apos;, os.version: &amp;apos;10.0&amp;apos;, java.version: &amp;apos;13.0.2&amp;apos;
Driver info: org.openqa.selenium.chrome.ChromeDriver
Capabilities {acceptInsecureCerts: false, browserName: chrome, browserVersion: 81.0.4044.129, chrome: {chromedriverVersion: 81.0.4044.69 (6813546031a4b..., userDataDir: C:\Users\shsmi\AppData\Loca...}, goog:chromeOptions: {debuggerAddress: localhost:52866}, javascriptEnabled: true, networkConnectionEnabled: false, pageLoadStrategy: normal, platform: WINDOWS, platformName: WINDOWS, proxy: Proxy(), setWindowRect: true, strictFileInteractability: false, timeouts: {implicit: 0, pageLoad: 300000, script: 30000}, unhandledPromptBehavior: dismiss and notify, webauthn:virtualAuthenticators: true}
Session ID: 8c444ad715215aa814c7d7c3ad28957a">
      <![CDATA[org.openqa.selenium.ElementClickInterceptedException: element click intercepted: Element <i class="fa fa-plus-circle control create"></i> is not clickable at point (233, 408). Other element would receive the click: <nav id="sidebar" class="side side-nav showing">...</nav>
  (Session info: headless chrome=81.0.4044.129)
Build info: version: '3.141.59', revision: 'e82be7d358', time: '2018-11-14T08:17:03'
System info: host: 'DESKTOP-1TJR8E3', ip: '192.168.128.161', os.name: 'Windows 10', os.arch: 'amd64', os.version: '10.0', java.version: '13.0.2'
Driver info: org.openqa.selenium.chrome.ChromeDriver
Capabilities {acceptInsecureCerts: false, browserName: chrome, browserVersion: 81.0.4044.129, chrome: {chromedriverVersion: 81.0.4044.69 (6813546031a4b..., userDataDir: C:\Users\shsmi\AppData\Loca...}, goog:chromeOptions: {debuggerAddress: localhost:52866}, javascriptEnabled: true, networkConnectionEnabled: false, pageLoadStrategy: normal, platform: WINDOWS, platformName: WINDOWS, proxy: Proxy(), setWindowRect: true, strictFileInteractability: false, timeouts: {implicit: 0, pageLoad: 300000, script: 30000}, unhandledPromptBehavior: dismiss and notify, webauthn:virtualAuthenticators: true}
Session ID: 8c444ad715215aa814c7d7c3ad28957a
	at org.openqa.selenium.remote.http.W3CHttpResponseCodec.createException(W3CHttpResponseCodec.java:187)
	at org.openqa.selenium.remote.http.W3CHttpResponseCodec.decode(W3CHttpResponseCodec.java:122)
	at org.openqa.selenium.remote.http.W3CHttpResponseCodec.decode(W3CHttpResponseCodec.java:49)
	at org.openqa.selenium.remote.HttpCommandExecutor.execute(HttpCommandExecutor.java:158)
	at org.openqa.selenium.remote.service.DriverCommandExecutor.execute(DriverCommandExecutor.java:83)
	at org.openqa.selenium.remote.RemoteWebDriver.execute(RemoteWebDriver.java:552)
	at org.openqa.selenium.remote.RemoteWebElement.execute(RemoteWebElement.java:285)
	at org.openqa.selenium.remote.RemoteWebElement.click(RemoteWebElement.java:84)
	at pageObjects.HomePage.createNewPlaylist(HomePage.java:30)
	at tests.HomepageTests_new.new_loginTest_createNewPlaylist_newPlaylistCreated(HomepageTests_new.java:14)
	at java.base/java.util.concurrent.ThreadPoolExecutor.runWorker(ThreadPoolExecutor.java:1128)
	at java.base/java.util.concurrent.ThreadPoolExecutor$Worker.run(ThreadPoolExecutor.java:628)
	at java.base/java.lang.Thread.run(Thread.java:830)
... Removed 15 stack frames]]>
    </failure>
  </testcase> <!-- new_loginTest_createNewPlaylist_newPlaylistCreated -->
  <testcase classname="tests.HomepageTests" name="loginTest_createNewPlaylist_newPlaylistCreated" time="9.227">
    <skipped/>
  </testcase> <!-- loginTest_createNewPlaylist_newPlaylistCreated -->
  <testcase classname="tests.LoginTests_new" name="new_loginTest_incorrectCredentials_notLoggedToApp" time="2.076"/>
  <testcase classname="tests.LoginTests" name="loginTest_incorrectCredentials_notLoggedToApp" time="2.555"/>
  <testcase classname="tests.HomepageTests" name="loginTest_createNewPlaylist_newPlaylistCreated" time="4.665">
    <skipped/>
  </testcase> <!-- loginTest_createNewPlaylist_newPlaylistCreated -->
  <testcase classname="tests.HomepageTests_new" name="new_scrollDown" time="5.65">
    <failure type="org.openqa.selenium.ElementClickInterceptedException" message="element click intercepted: Element &amp;lt;i class=&amp;quot;fa fa-plus-circle control create&amp;quot;&amp;gt;&amp;lt;/i&amp;gt; is not clickable at point (233, 408). Other element would receive the click: &amp;lt;nav id=&amp;quot;sidebar&amp;quot; class=&amp;quot;side side-nav showing&amp;quot;&amp;gt;...&amp;lt;/nav&amp;gt;
  (Session info: headless chrome=81.0.4044.129)
Build info: version: &amp;apos;3.141.59&amp;apos;, revision: &amp;apos;e82be7d358&amp;apos;, time: &amp;apos;2018-11-14T08:17:03&amp;apos;
System info: host: &amp;apos;DESKTOP-1TJR8E3&amp;apos;, ip: &amp;apos;192.168.128.161&amp;apos;, os.name: &amp;apos;Windows 10&amp;apos;, os.arch: &amp;apos;amd64&amp;apos;, os.version: &amp;apos;10.0&amp;apos;, java.version: &amp;apos;13.0.2&amp;apos;
Driver info: org.openqa.selenium.chrome.ChromeDriver
Capabilities {acceptInsecureCerts: false, browserName: chrome, browserVersion: 81.0.4044.129, chrome: {chromedriverVersion: 81.0.4044.69 (6813546031a4b..., userDataDir: C:\Users\shsmi\AppData\Loca...}, goog:chromeOptions: {debuggerAddress: localhost:52953}, javascriptEnabled: true, networkConnectionEnabled: false, pageLoadStrategy: normal, platform: WINDOWS, platformName: WINDOWS, proxy: Proxy(), setWindowRect: true, strictFileInteractability: false, timeouts: {implicit: 0, pageLoad: 300000, script: 30000}, unhandledPromptBehavior: dismiss and notify, webauthn:virtualAuthenticators: true}
Session ID: 084ad53abe263b127e15afd2166c6db3">
      <![CDATA[org.openqa.selenium.ElementClickInterceptedException: element click intercepted: Element <i class="fa fa-plus-circle control create"></i> is not clickable at point (233, 408). Other element would receive the click: <nav id="sidebar" class="side side-nav showing">...</nav>
  (Session info: headless chrome=81.0.4044.129)
Build info: version: '3.141.59', revision: 'e82be7d358', time: '2018-11-14T08:17:03'
System info: host: 'DESKTOP-1TJR8E3', ip: '192.168.128.161', os.name: 'Windows 10', os.arch: 'amd64', os.version: '10.0', java.version: '13.0.2'
Driver info: org.openqa.selenium.chrome.ChromeDriver
Capabilities {acceptInsecureCerts: false, browserName: chrome, browserVersion: 81.0.4044.129, chrome: {chromedriverVersion: 81.0.4044.69 (6813546031a4b..., userDataDir: C:\Users\shsmi\AppData\Loca...}, goog:chromeOptions: {debuggerAddress: localhost:52953}, javascriptEnabled: true, networkConnectionEnabled: false, pageLoadStrategy: normal, platform: WINDOWS, platformName: WINDOWS, proxy: Proxy(), setWindowRect: true, strictFileInteractability: false, timeouts: {implicit: 0, pageLoad: 300000, script: 30000}, unhandledPromptBehavior: dismiss and notify, webauthn:virtualAuthenticators: true}
Session ID: 084ad53abe263b127e15afd2166c6db3
	at org.openqa.selenium.remote.http.W3CHttpResponseCodec.createException(W3CHttpResponseCodec.java:187)
	at org.openqa.selenium.remote.http.W3CHttpResponseCodec.decode(W3CHttpResponseCodec.java:122)
	at org.openqa.selenium.remote.http.W3CHttpResponseCodec.decode(W3CHttpResponseCodec.java:49)
	at org.openqa.selenium.remote.HttpCommandExecutor.execute(HttpCommandExecutor.java:158)
	at org.openqa.selenium.remote.service.DriverCommandExecutor.execute(DriverCommandExecutor.java:83)
	at org.openqa.selenium.remote.RemoteWebDriver.execute(RemoteWebDriver.java:552)
	at org.openqa.selenium.remote.RemoteWebElement.execute(RemoteWebElement.java:285)
	at org.openqa.selenium.remote.RemoteWebElement.click(RemoteWebElement.java:84)
	at pageObjects.HomePage.createNewPlaylist(HomePage.java:30)
	at tests.HomepageTests_new.new_scrollDown(HomepageTests_new.java:22)
	at java.base/java.util.concurrent.ThreadPoolExecutor.runWorker(ThreadPoolExecutor.java:1128)
	at java.base/java.util.concurrent.ThreadPoolExecutor$Worker.run(ThreadPoolExecutor.java:628)
	at java.base/java.lang.Thread.run(Thread.java:830)
... Removed 15 stack frames]]>
    </failure>
  </testcase> <!-- new_scrollDown -->
  <testcase classname="tests.HomepageTests" name="loginTest_createNewPlaylist_newPlaylistCreated" time="4.008">
    <failure type="org.openqa.selenium.ElementClickInterceptedException" message="element click intercepted: Element &amp;lt;i class=&amp;quot;fa fa-plus-circle control create&amp;quot;&amp;gt;&amp;lt;/i&amp;gt; is not clickable at point (233, 408). Other element would receive the click: &amp;lt;nav id=&amp;quot;sidebar&amp;quot; class=&amp;quot;side side-nav showing&amp;quot;&amp;gt;...&amp;lt;/nav&amp;gt;
  (Session info: headless chrome=81.0.4044.129)
Build info: version: &amp;apos;3.141.59&amp;apos;, revision: &amp;apos;e82be7d358&amp;apos;, time: &amp;apos;2018-11-14T08:17:03&amp;apos;
System info: host: &amp;apos;DESKTOP-1TJR8E3&amp;apos;, ip: &amp;apos;192.168.128.161&amp;apos;, os.name: &amp;apos;Windows 10&amp;apos;, os.arch: &amp;apos;amd64&amp;apos;, os.version: &amp;apos;10.0&amp;apos;, java.version: &amp;apos;13.0.2&amp;apos;
Driver info: org.openqa.selenium.chrome.ChromeDriver
Capabilities {acceptInsecureCerts: false, browserName: chrome, browserVersion: 81.0.4044.129, chrome: {chromedriverVersion: 81.0.4044.69 (6813546031a4b..., userDataDir: C:\Users\shsmi\AppData\Loca...}, goog:chromeOptions: {debuggerAddress: localhost:52993}, javascriptEnabled: true, networkConnectionEnabled: false, pageLoadStrategy: normal, platform: WINDOWS, platformName: WINDOWS, proxy: Proxy(), setWindowRect: true, strictFileInteractability: false, timeouts: {implicit: 0, pageLoad: 300000, script: 30000}, unhandledPromptBehavior: dismiss and notify, webauthn:virtualAuthenticators: true}
Session ID: 3063ba811f977efe89b82d7711908860">
      <![CDATA[org.openqa.selenium.ElementClickInterceptedException: element click intercepted: Element <i class="fa fa-plus-circle control create"></i> is not clickable at point (233, 408). Other element would receive the click: <nav id="sidebar" class="side side-nav showing">...</nav>
  (Session info: headless chrome=81.0.4044.129)
Build info: version: '3.141.59', revision: 'e82be7d358', time: '2018-11-14T08:17:03'
System info: host: 'DESKTOP-1TJR8E3', ip: '192.168.128.161', os.name: 'Windows 10', os.arch: 'amd64', os.version: '10.0', java.version: '13.0.2'
Driver info: org.openqa.selenium.chrome.ChromeDriver
Capabilities {acceptInsecureCerts: false, browserName: chrome, browserVersion: 81.0.4044.129, chrome: {chromedriverVersion: 81.0.4044.69 (6813546031a4b..., userDataDir: C:\Users\shsmi\AppData\Loca...}, goog:chromeOptions: {debuggerAddress: localhost:52993}, javascriptEnabled: true, networkConnectionEnabled: false, pageLoadStrategy: normal, platform: WINDOWS, platformName: WINDOWS, proxy: Proxy(), setWindowRect: true, strictFileInteractability: false, timeouts: {implicit: 0, pageLoad: 300000, script: 30000}, unhandledPromptBehavior: dismiss and notify, webauthn:virtualAuthenticators: true}
Session ID: 3063ba811f977efe89b82d7711908860
	at org.openqa.selenium.remote.http.W3CHttpResponseCodec.createException(W3CHttpResponseCodec.java:187)
	at org.openqa.selenium.remote.http.W3CHttpResponseCodec.decode(W3CHttpResponseCodec.java:122)
	at org.openqa.selenium.remote.http.W3CHttpResponseCodec.decode(W3CHttpResponseCodec.java:49)
	at org.openqa.selenium.remote.HttpCommandExecutor.execute(HttpCommandExecutor.java:158)
	at org.openqa.selenium.remote.service.DriverCommandExecutor.execute(DriverCommandExecutor.java:83)
	at org.openqa.selenium.remote.RemoteWebDriver.execute(RemoteWebDriver.java:552)
	at org.openqa.selenium.remote.RemoteWebElement.execute(RemoteWebElement.java:285)
	at org.openqa.selenium.remote.RemoteWebElement.click(RemoteWebElement.java:84)
	at pageObjects.HomePage.createNewPlaylist(HomePage.java:30)
	at tests.HomepageTests.loginTest_createNewPlaylist_newPlaylistCreated(HomepageTests.java:24)
	at java.base/java.util.concurrent.ThreadPoolExecutor.runWorker(ThreadPoolExecutor.java:1128)
	at java.base/java.util.concurrent.ThreadPoolExecutor$Worker.run(ThreadPoolExecutor.java:628)
	at java.base/java.lang.Thread.run(Thread.java:830)
... Removed 15 stack frames]]>
    </failure>
  </testcase> <!-- loginTest_createNewPlaylist_newPlaylistCreated -->
  <testcase classname="tests.HomepageTests" name="scrollDown" time="3.74">
    <failure type="org.openqa.selenium.ElementClickInterceptedException" message="element click intercepted: Element &amp;lt;i class=&amp;quot;fa fa-plus-circle control create&amp;quot;&amp;gt;&amp;lt;/i&amp;gt; is not clickable at point (233, 408). Other element would receive the click: &amp;lt;nav id=&amp;quot;sidebar&amp;quot; class=&amp;quot;side side-nav showing&amp;quot;&amp;gt;...&amp;lt;/nav&amp;gt;
  (Session info: headless chrome=81.0.4044.129)
Build info: version: &amp;apos;3.141.59&amp;apos;, revision: &amp;apos;e82be7d358&amp;apos;, time: &amp;apos;2018-11-14T08:17:03&amp;apos;
System info: host: &amp;apos;DESKTOP-1TJR8E3&amp;apos;, ip: &amp;apos;192.168.128.161&amp;apos;, os.name: &amp;apos;Windows 10&amp;apos;, os.arch: &amp;apos;amd64&amp;apos;, os.version: &amp;apos;10.0&amp;apos;, java.version: &amp;apos;13.0.2&amp;apos;
Driver info: org.openqa.selenium.chrome.ChromeDriver
Capabilities {acceptInsecureCerts: false, browserName: chrome, browserVersion: 81.0.4044.129, chrome: {chromedriverVersion: 81.0.4044.69 (6813546031a4b..., userDataDir: C:\Users\shsmi\AppData\Loca...}, goog:chromeOptions: {debuggerAddress: localhost:53015}, javascriptEnabled: true, networkConnectionEnabled: false, pageLoadStrategy: normal, platform: WINDOWS, platformName: WINDOWS, proxy: Proxy(), setWindowRect: true, strictFileInteractability: false, timeouts: {implicit: 0, pageLoad: 300000, script: 30000}, unhandledPromptBehavior: dismiss and notify, webauthn:virtualAuthenticators: true}
Session ID: 32712f28dbd224c3549f06f90ee6fa1a">
      <![CDATA[org.openqa.selenium.ElementClickInterceptedException: element click intercepted: Element <i class="fa fa-plus-circle control create"></i> is not clickable at point (233, 408). Other element would receive the click: <nav id="sidebar" class="side side-nav showing">...</nav>
  (Session info: headless chrome=81.0.4044.129)
Build info: version: '3.141.59', revision: 'e82be7d358', time: '2018-11-14T08:17:03'
System info: host: 'DESKTOP-1TJR8E3', ip: '192.168.128.161', os.name: 'Windows 10', os.arch: 'amd64', os.version: '10.0', java.version: '13.0.2'
Driver info: org.openqa.selenium.chrome.ChromeDriver
Capabilities {acceptInsecureCerts: false, browserName: chrome, browserVersion: 81.0.4044.129, chrome: {chromedriverVersion: 81.0.4044.69 (6813546031a4b..., userDataDir: C:\Users\shsmi\AppData\Loca...}, goog:chromeOptions: {debuggerAddress: localhost:53015}, javascriptEnabled: true, networkConnectionEnabled: false, pageLoadStrategy: normal, platform: WINDOWS, platformName: WINDOWS, proxy: Proxy(), setWindowRect: true, strictFileInteractability: false, timeouts: {implicit: 0, pageLoad: 300000, script: 30000}, unhandledPromptBehavior: dismiss and notify, webauthn:virtualAuthenticators: true}
Session ID: 32712f28dbd224c3549f06f90ee6fa1a
	at org.openqa.selenium.remote.http.W3CHttpResponseCodec.createException(W3CHttpResponseCodec.java:187)
	at org.openqa.selenium.remote.http.W3CHttpResponseCodec.decode(W3CHttpResponseCodec.java:122)
	at org.openqa.selenium.remote.http.W3CHttpResponseCodec.decode(W3CHttpResponseCodec.java:49)
	at org.openqa.selenium.remote.HttpCommandExecutor.execute(HttpCommandExecutor.java:158)
	at org.openqa.selenium.remote.service.DriverCommandExecutor.execute(DriverCommandExecutor.java:83)
	at org.openqa.selenium.remote.RemoteWebDriver.execute(RemoteWebDriver.java:552)
	at org.openqa.selenium.remote.RemoteWebElement.execute(RemoteWebElement.java:285)
	at org.openqa.selenium.remote.RemoteWebElement.click(RemoteWebElement.java:84)
	at pageObjects.HomePage.createNewPlaylist(HomePage.java:30)
	at tests.HomepageTests.scrollDown(HomepageTests.java:35)
	at java.base/java.util.concurrent.ThreadPoolExecutor.runWorker(ThreadPoolExecutor.java:1128)
	at java.base/java.util.concurrent.ThreadPoolExecutor$Worker.run(ThreadPoolExecutor.java:628)
	at java.base/java.lang.Thread.run(Thread.java:830)
... Removed 15 stack frames]]>
    </failure>
  </testcase> <!-- scrollDown -->
  <testcase classname="tests.LoginTests" name="test_Sum" time="0.0">
    <ignored/>
  </testcase> <!-- test_Sum -->
  <testcase classname="tests.LoginTests" name="test_StringSum" time="0.0">
    <ignored/>
  </testcase> <!-- test_StringSum -->
  <testcase classname="tests.LoginTests" name="test_Fails" time="0.0">
    <ignored/>
  </testcase> <!-- test_Fails -->
</testsuite> <!-- All tests -->
