<?xml version="1.0" encoding="UTF-8"?>
<testng-results ignored="3" total="13" passed="4" failed="4" skipped="2">
  <reporter-output>
  </reporter-output>
  <suite started-at="2020-05-05T01:35:41Z" name="Master Suite" finished-at="2020-05-05T01:36:14Z" duration-ms="32861">
    <groups>
    </groups>
    <test started-at="2020-05-05T01:35:41Z" name="All tests" finished-at="2020-05-05T01:36:14Z" duration-ms="32861">
      <class name="tests.LoginTests">
        <test-method is-config="true" signature="startUp()[pri:0, instance:tests.LoginTests@27808f31]" started-at="2020-05-04T21:35:41Z" name="startUp" finished-at="2020-05-04T21:35:45Z" duration-ms="4439" status="PASS">
          <reporter-output>
          </reporter-output>
        </test-method> <!-- startUp -->
        <test-method signature="loginTest_correctCredentials_loggedToApp(java.lang.String, java.lang.String)[pri:0, instance:tests.LoginTests@27808f31]" started-at="2020-05-04T21:35:45Z" name="loginTest_correctCredentials_loggedToApp" finished-at="2020-05-04T21:35:54Z" duration-ms="8565" status="PASS">
          <params>
            <param index="0">
              <value>
                <![CDATA[testpro.user02@testpro.io]]>
              </value>
            </param>
            <param index="1">
              <value>
                <![CDATA[te$t$tudent02]]>
              </value>
            </param>
          </params>
          <reporter-output>
          </reporter-output>
        </test-method> <!-- loginTest_correctCredentials_loggedToApp -->
        <test-method is-config="true" signature="tearDown(org.testng.ITestResult)[pri:0, instance:tests.LoginTests@27808f31]" started-at="2020-05-04T21:35:54Z" name="tearDown" finished-at="2020-05-04T21:35:54Z" duration-ms="213" status="PASS">
          <params>
            <param index="0">
              <value>
                <![CDATA[[TestResult name=loginTest_correctCredentials_loggedToApp status=SUCCESS method=LoginTests.loginTest_correctCredentials_loggedToApp(java.lang.String, java.lang.String)[pri:0, instance:tests.LoginTests@27808f31] output={null}]]]>
              </value>
            </param>
          </params>
          <reporter-output>
          </reporter-output>
        </test-method> <!-- tearDown -->
        <test-method is-config="true" signature="startUp()[pri:0, instance:tests.LoginTests@27808f31]" started-at="2020-05-04T21:35:54Z" name="startUp" finished-at="2020-05-04T21:35:57Z" duration-ms="2730" status="PASS">
          <reporter-output>
          </reporter-output>
        </test-method> <!-- startUp -->
        <test-method signature="loginTest_incorrectCredentials_notLoggedToApp(java.lang.String, java.lang.String)[pri:0, instance:tests.LoginTests@27808f31]" started-at="2020-05-04T21:35:57Z" name="loginTest_incorrectCredentials_notLoggedToApp" finished-at="2020-05-04T21:36:00Z" duration-ms="3421" status="PASS">
          <params>
            <param index="0">
              <value>
                <![CDATA[testpro.user02@testpro.io]]>
              </value>
            </param>
            <param index="1">
              <value>
                <![CDATA[*******]]>
              </value>
            </param>
          </params>
          <reporter-output>
          </reporter-output>
        </test-method> <!-- loginTest_incorrectCredentials_notLoggedToApp -->
        <test-method is-config="true" signature="tearDown(org.testng.ITestResult)[pri:0, instance:tests.LoginTests@27808f31]" started-at="2020-05-04T21:36:00Z" name="tearDown" finished-at="2020-05-04T21:36:00Z" duration-ms="77" status="PASS">
          <params>
            <param index="0">
              <value>
                <![CDATA[[TestResult name=loginTest_incorrectCredentials_notLoggedToApp status=SUCCESS method=LoginTests.loginTest_incorrectCredentials_notLoggedToApp(java.lang.String, java.lang.String)[pri:0, instance:tests.LoginTests@27808f31] output={null}]]]>
              </value>
            </param>
          </params>
          <reporter-output>
          </reporter-output>
        </test-method> <!-- tearDown -->
      </class> <!-- tests.LoginTests -->
      <class name="tests.HomepageTests_new">
        <test-method is-config="true" signature="startUp()[pri:0, instance:tests.HomepageTests_new@37d31475]" started-at="2020-05-04T21:35:41Z" name="startUp" finished-at="2020-05-04T21:35:45Z" duration-ms="4457" status="PASS">
          <reporter-output>
          </reporter-output>
        </test-method> <!-- startUp -->
        <test-method signature="new_loginTest_createNewPlaylist_newPlaylistCreated()[pri:0, instance:tests.HomepageTests_new@37d31475]" started-at="2020-05-04T21:35:45Z" name="new_loginTest_createNewPlaylist_newPlaylistCreated" finished-at="2020-05-04T21:35:55Z" duration-ms="10092" status="FAIL">
          <exception class="org.openqa.selenium.NoSuchElementException">
            <message>
              <![CDATA[no such element: Unable to locate element: {"method":"xpath","selector":"//*[@class='777create']/*"}
  (Session info: headless chrome=81.0.4044.129)
For documentation on this error, please visit: https://www.seleniumhq.org/exceptions/no_such_element.html
Build info: version: '3.141.59', revision: 'e82be7d358', time: '2018-11-14T08:17:03'
System info: host: 'admins-MacBook-Pro.local', ip: '192.168.0.10', os.name: 'Mac OS X', os.arch: 'x86_64', os.version: '10.14.3', java.version: '13.0.2'
Driver info: org.openqa.selenium.chrome.ChromeDriver
Capabilities {acceptInsecureCerts: false, browserName: chrome, browserVersion: 81.0.4044.129, chrome: {chromedriverVersion: 81.0.4044.69 (6813546031a4b..., userDataDir: /var/folders/r3/jx48vvn925n...}, goog:chromeOptions: {debuggerAddress: localhost:53645}, javascriptEnabled: true, networkConnectionEnabled: false, pageLoadStrategy: normal, platform: MAC, platformName: MAC, proxy: Proxy(), setWindowRect: true, strictFileInteractability: false, timeouts: {implicit: 0, pageLoad: 300000, script: 30000}, unhandledPromptBehavior: dismiss and notify, webauthn:virtualAuthenticators: true}
Session ID: c0ade88aa118228511d92949804bce5d
*** Element info: {Using=xpath, value=//*[@class='777create']/*}]]>
            </message>
            <full-stacktrace>
              <![CDATA[org.openqa.selenium.NoSuchElementException: no such element: Unable to locate element: {"method":"xpath","selector":"//*[@class='777create']/*"}
  (Session info: headless chrome=81.0.4044.129)
For documentation on this error, please visit: https://www.seleniumhq.org/exceptions/no_such_element.html
Build info: version: '3.141.59', revision: 'e82be7d358', time: '2018-11-14T08:17:03'
System info: host: 'admins-MacBook-Pro.local', ip: '192.168.0.10', os.name: 'Mac OS X', os.arch: 'x86_64', os.version: '10.14.3', java.version: '13.0.2'
Driver info: org.openqa.selenium.chrome.ChromeDriver
Capabilities {acceptInsecureCerts: false, browserName: chrome, browserVersion: 81.0.4044.129, chrome: {chromedriverVersion: 81.0.4044.69 (6813546031a4b..., userDataDir: /var/folders/r3/jx48vvn925n...}, goog:chromeOptions: {debuggerAddress: localhost:53645}, javascriptEnabled: true, networkConnectionEnabled: false, pageLoadStrategy: normal, platform: MAC, platformName: MAC, proxy: Proxy(), setWindowRect: true, strictFileInteractability: false, timeouts: {implicit: 0, pageLoad: 300000, script: 30000}, unhandledPromptBehavior: dismiss and notify, webauthn:virtualAuthenticators: true}
Session ID: c0ade88aa118228511d92949804bce5d
*** Element info: {Using=xpath, value=//*[@class='777create']/*}
	at java.base/jdk.internal.reflect.NativeConstructorAccessorImpl.newInstance0(Native Method)
	at java.base/jdk.internal.reflect.NativeConstructorAccessorImpl.newInstance(NativeConstructorAccessorImpl.java:62)
	at java.base/jdk.internal.reflect.DelegatingConstructorAccessorImpl.newInstance(DelegatingConstructorAccessorImpl.java:45)
	at java.base/java.lang.reflect.Constructor.newInstanceWithCaller(Constructor.java:500)
	at java.base/java.lang.reflect.Constructor.newInstance(Constructor.java:481)
	at org.openqa.selenium.remote.http.W3CHttpResponseCodec.createException(W3CHttpResponseCodec.java:187)
	at org.openqa.selenium.remote.http.W3CHttpResponseCodec.decode(W3CHttpResponseCodec.java:122)
	at org.openqa.selenium.remote.http.W3CHttpResponseCodec.decode(W3CHttpResponseCodec.java:49)
	at org.openqa.selenium.remote.HttpCommandExecutor.execute(HttpCommandExecutor.java:158)
	at org.openqa.selenium.remote.service.DriverCommandExecutor.execute(DriverCommandExecutor.java:83)
	at org.openqa.selenium.remote.RemoteWebDriver.execute(RemoteWebDriver.java:552)
	at org.openqa.selenium.remote.RemoteWebDriver.findElement(RemoteWebDriver.java:323)
	at org.openqa.selenium.remote.RemoteWebDriver.findElementByXPath(RemoteWebDriver.java:428)
	at org.openqa.selenium.By$ByXPath.findElement(By.java:353)
	at org.openqa.selenium.remote.RemoteWebDriver.findElement(RemoteWebDriver.java:315)
	at pageObjects.HomePage.getNewPlaylistNameField(HomePage.java:24)
	at pageObjects.HomePage.createNewPlaylist(HomePage.java:31)
	at tests.HomepageTests_new.new_loginTest_createNewPlaylist_newPlaylistCreated(HomepageTests_new.java:14)
	at java.base/jdk.internal.reflect.NativeMethodAccessorImpl.invoke0(Native Method)
	at java.base/jdk.internal.reflect.NativeMethodAccessorImpl.invoke(NativeMethodAccessorImpl.java:62)
	at java.base/jdk.internal.reflect.DelegatingMethodAccessorImpl.invoke(DelegatingMethodAccessorImpl.java:43)
	at java.base/java.lang.reflect.Method.invoke(Method.java:567)
	at org.testng.internal.MethodInvocationHelper.invokeMethod(MethodInvocationHelper.java:104)
	at org.testng.internal.Invoker.invokeMethod(Invoker.java:645)
	at org.testng.internal.Invoker.invokeTestMethod(Invoker.java:851)
	at org.testng.internal.Invoker.invokeTestMethods(Invoker.java:1177)
	at org.testng.internal.TestMethodWorker.invokeTestMethods(TestMethodWorker.java:129)
	at org.testng.internal.TestMethodWorker.run(TestMethodWorker.java:112)
	at java.base/java.util.concurrent.ThreadPoolExecutor.runWorker(ThreadPoolExecutor.java:1128)
	at java.base/java.util.concurrent.ThreadPoolExecutor$Worker.run(ThreadPoolExecutor.java:628)
	at java.base/java.lang.Thread.run(Thread.java:830)
]]>
            </full-stacktrace>
          </exception> <!-- org.openqa.selenium.NoSuchElementException -->
          <reporter-output>
          </reporter-output>
        </test-method> <!-- new_loginTest_createNewPlaylist_newPlaylistCreated -->
        <test-method is-config="true" signature="tearDown(org.testng.ITestResult)[pri:0, instance:tests.HomepageTests_new@37d31475]" started-at="2020-05-04T21:35:55Z" name="tearDown" finished-at="2020-05-04T21:35:56Z" duration-ms="1108" status="PASS">
          <params>
            <param index="0">
              <value>
                <![CDATA[[TestResult name=new_loginTest_createNewPlaylist_newPlaylistCreated status=FAILURE method=HomepageTests_new.new_loginTest_createNewPlaylist_newPlaylistCreated()[pri:0, instance:tests.HomepageTests_new@37d31475] output={null}]]]>
              </value>
            </param>
          </params>
          <reporter-output>
          </reporter-output>
        </test-method> <!-- tearDown -->
        <test-method is-config="true" signature="startUp()[pri:0, instance:tests.HomepageTests_new@37d31475]" started-at="2020-05-04T21:35:56Z" name="startUp" finished-at="2020-05-04T21:35:57Z" duration-ms="997" status="PASS">
          <reporter-output>
          </reporter-output>
        </test-method> <!-- startUp -->
        <test-method signature="new_scrollDown()[pri:0, instance:tests.HomepageTests_new@37d31475]" started-at="2020-05-04T21:35:57Z" name="new_scrollDown" finished-at="2020-05-04T21:36:04Z" duration-ms="6540" status="FAIL">
          <exception class="org.openqa.selenium.NoSuchElementException">
            <message>
              <![CDATA[no such element: Unable to locate element: {"method":"xpath","selector":"//*[@class='777create']/*"}
  (Session info: headless chrome=81.0.4044.129)
For documentation on this error, please visit: https://www.seleniumhq.org/exceptions/no_such_element.html
Build info: version: '3.141.59', revision: 'e82be7d358', time: '2018-11-14T08:17:03'
System info: host: 'admins-MacBook-Pro.local', ip: '192.168.0.10', os.name: 'Mac OS X', os.arch: 'x86_64', os.version: '10.14.3', java.version: '13.0.2'
Driver info: org.openqa.selenium.chrome.ChromeDriver
Capabilities {acceptInsecureCerts: false, browserName: chrome, browserVersion: 81.0.4044.129, chrome: {chromedriverVersion: 81.0.4044.69 (6813546031a4b..., userDataDir: /var/folders/r3/jx48vvn925n...}, goog:chromeOptions: {debuggerAddress: localhost:53739}, javascriptEnabled: true, networkConnectionEnabled: false, pageLoadStrategy: normal, platform: MAC, platformName: MAC, proxy: Proxy(), setWindowRect: true, strictFileInteractability: false, timeouts: {implicit: 0, pageLoad: 300000, script: 30000}, unhandledPromptBehavior: dismiss and notify, webauthn:virtualAuthenticators: true}
Session ID: 5f3a60ba0754c1b4240dd7649b9ae402
*** Element info: {Using=xpath, value=//*[@class='777create']/*}]]>
            </message>
            <full-stacktrace>
              <![CDATA[org.openqa.selenium.NoSuchElementException: no such element: Unable to locate element: {"method":"xpath","selector":"//*[@class='777create']/*"}
  (Session info: headless chrome=81.0.4044.129)
For documentation on this error, please visit: https://www.seleniumhq.org/exceptions/no_such_element.html
Build info: version: '3.141.59', revision: 'e82be7d358', time: '2018-11-14T08:17:03'
System info: host: 'admins-MacBook-Pro.local', ip: '192.168.0.10', os.name: 'Mac OS X', os.arch: 'x86_64', os.version: '10.14.3', java.version: '13.0.2'
Driver info: org.openqa.selenium.chrome.ChromeDriver
Capabilities {acceptInsecureCerts: false, browserName: chrome, browserVersion: 81.0.4044.129, chrome: {chromedriverVersion: 81.0.4044.69 (6813546031a4b..., userDataDir: /var/folders/r3/jx48vvn925n...}, goog:chromeOptions: {debuggerAddress: localhost:53739}, javascriptEnabled: true, networkConnectionEnabled: false, pageLoadStrategy: normal, platform: MAC, platformName: MAC, proxy: Proxy(), setWindowRect: true, strictFileInteractability: false, timeouts: {implicit: 0, pageLoad: 300000, script: 30000}, unhandledPromptBehavior: dismiss and notify, webauthn:virtualAuthenticators: true}
Session ID: 5f3a60ba0754c1b4240dd7649b9ae402
*** Element info: {Using=xpath, value=//*[@class='777create']/*}
	at java.base/jdk.internal.reflect.NativeConstructorAccessorImpl.newInstance0(Native Method)
	at java.base/jdk.internal.reflect.NativeConstructorAccessorImpl.newInstance(NativeConstructorAccessorImpl.java:62)
	at java.base/jdk.internal.reflect.DelegatingConstructorAccessorImpl.newInstance(DelegatingConstructorAccessorImpl.java:45)
	at java.base/java.lang.reflect.Constructor.newInstanceWithCaller(Constructor.java:500)
	at java.base/java.lang.reflect.Constructor.newInstance(Constructor.java:481)
	at org.openqa.selenium.remote.http.W3CHttpResponseCodec.createException(W3CHttpResponseCodec.java:187)
	at org.openqa.selenium.remote.http.W3CHttpResponseCodec.decode(W3CHttpResponseCodec.java:122)
	at org.openqa.selenium.remote.http.W3CHttpResponseCodec.decode(W3CHttpResponseCodec.java:49)
	at org.openqa.selenium.remote.HttpCommandExecutor.execute(HttpCommandExecutor.java:158)
	at org.openqa.selenium.remote.service.DriverCommandExecutor.execute(DriverCommandExecutor.java:83)
	at org.openqa.selenium.remote.RemoteWebDriver.execute(RemoteWebDriver.java:552)
	at org.openqa.selenium.remote.RemoteWebDriver.findElement(RemoteWebDriver.java:323)
	at org.openqa.selenium.remote.RemoteWebDriver.findElementByXPath(RemoteWebDriver.java:428)
	at org.openqa.selenium.By$ByXPath.findElement(By.java:353)
	at org.openqa.selenium.remote.RemoteWebDriver.findElement(RemoteWebDriver.java:315)
	at pageObjects.HomePage.getNewPlaylistNameField(HomePage.java:24)
	at pageObjects.HomePage.createNewPlaylist(HomePage.java:31)
	at tests.HomepageTests_new.new_scrollDown(HomepageTests_new.java:22)
	at java.base/jdk.internal.reflect.NativeMethodAccessorImpl.invoke0(Native Method)
	at java.base/jdk.internal.reflect.NativeMethodAccessorImpl.invoke(NativeMethodAccessorImpl.java:62)
	at java.base/jdk.internal.reflect.DelegatingMethodAccessorImpl.invoke(DelegatingMethodAccessorImpl.java:43)
	at java.base/java.lang.reflect.Method.invoke(Method.java:567)
	at org.testng.internal.MethodInvocationHelper.invokeMethod(MethodInvocationHelper.java:104)
	at org.testng.internal.Invoker.invokeMethod(Invoker.java:645)
	at org.testng.internal.Invoker.invokeTestMethod(Invoker.java:851)
	at org.testng.internal.Invoker.invokeTestMethods(Invoker.java:1177)
	at org.testng.internal.TestMethodWorker.invokeTestMethods(TestMethodWorker.java:129)
	at org.testng.internal.TestMethodWorker.run(TestMethodWorker.java:112)
	at java.base/java.util.concurrent.ThreadPoolExecutor.runWorker(ThreadPoolExecutor.java:1128)
	at java.base/java.util.concurrent.ThreadPoolExecutor$Worker.run(ThreadPoolExecutor.java:628)
	at java.base/java.lang.Thread.run(Thread.java:830)
]]>
            </full-stacktrace>
          </exception> <!-- org.openqa.selenium.NoSuchElementException -->
          <reporter-output>
          </reporter-output>
        </test-method> <!-- new_scrollDown -->
        <test-method is-config="true" signature="tearDown(org.testng.ITestResult)[pri:0, instance:tests.HomepageTests_new@37d31475]" started-at="2020-05-04T21:36:04Z" name="tearDown" finished-at="2020-05-04T21:36:05Z" duration-ms="670" status="PASS">
          <params>
            <param index="0">
              <value>
                <![CDATA[[TestResult name=new_scrollDown status=FAILURE method=HomepageTests_new.new_scrollDown()[pri:0, instance:tests.HomepageTests_new@37d31475] output={null}]]]>
              </value>
            </param>
          </params>
          <reporter-output>
          </reporter-output>
        </test-method> <!-- tearDown -->
      </class> <!-- tests.HomepageTests_new -->
      <class name="tests.HomepageTests">
        <test-method is-config="true" signature="startUp()[pri:0, instance:tests.HomepageTests@1a1d6a08]" started-at="2020-05-04T21:35:41Z" name="startUp" finished-at="2020-05-04T21:35:45Z" duration-ms="4440" status="PASS">
          <reporter-output>
          </reporter-output>
        </test-method> <!-- startUp -->
        <test-method signature="loginTest_createNewPlaylist_newPlaylistCreated(java.lang.String, java.lang.String, java.lang.String)[pri:0, instance:tests.HomepageTests@1a1d6a08]" started-at="2020-05-04T21:35:45Z" name="loginTest_createNewPlaylist_newPlaylistCreated" finished-at="2020-05-04T21:35:55Z" duration-ms="9965" status="SKIP">
          <params>
            <param index="0">
              <value>
                <![CDATA[testpro.user02@testpro.io]]>
              </value>
            </param>
            <param index="1">
              <value>
                <![CDATA[te$t$tudent02]]>
              </value>
            </param>
            <param index="2">
              <value>
                <![CDATA[zzZZzzZZ]]>
              </value>
            </param>
          </params>
          <exception class="org.openqa.selenium.NoSuchElementException">
            <message>
              <![CDATA[no such element: Unable to locate element: {"method":"xpath","selector":"//*[@class='777create']/*"}
  (Session info: headless chrome=81.0.4044.129)
For documentation on this error, please visit: https://www.seleniumhq.org/exceptions/no_such_element.html
Build info: version: '3.141.59', revision: 'e82be7d358', time: '2018-11-14T08:17:03'
System info: host: 'admins-MacBook-Pro.local', ip: '192.168.0.10', os.name: 'Mac OS X', os.arch: 'x86_64', os.version: '10.14.3', java.version: '13.0.2'
Driver info: org.openqa.selenium.chrome.ChromeDriver
Capabilities {acceptInsecureCerts: false, browserName: chrome, browserVersion: 81.0.4044.129, chrome: {chromedriverVersion: 81.0.4044.69 (6813546031a4b..., userDataDir: /var/folders/r3/jx48vvn925n...}, goog:chromeOptions: {debuggerAddress: localhost:53646}, javascriptEnabled: true, networkConnectionEnabled: false, pageLoadStrategy: normal, platform: MAC, platformName: MAC, proxy: Proxy(), setWindowRect: true, strictFileInteractability: false, timeouts: {implicit: 0, pageLoad: 300000, script: 30000}, unhandledPromptBehavior: dismiss and notify, webauthn:virtualAuthenticators: true}
Session ID: c034dda09764ad15e06503854bc2154f
*** Element info: {Using=xpath, value=//*[@class='777create']/*}]]>
            </message>
            <full-stacktrace>
              <![CDATA[org.openqa.selenium.NoSuchElementException: no such element: Unable to locate element: {"method":"xpath","selector":"//*[@class='777create']/*"}
  (Session info: headless chrome=81.0.4044.129)
For documentation on this error, please visit: https://www.seleniumhq.org/exceptions/no_such_element.html
Build info: version: '3.141.59', revision: 'e82be7d358', time: '2018-11-14T08:17:03'
System info: host: 'admins-MacBook-Pro.local', ip: '192.168.0.10', os.name: 'Mac OS X', os.arch: 'x86_64', os.version: '10.14.3', java.version: '13.0.2'
Driver info: org.openqa.selenium.chrome.ChromeDriver
Capabilities {acceptInsecureCerts: false, browserName: chrome, browserVersion: 81.0.4044.129, chrome: {chromedriverVersion: 81.0.4044.69 (6813546031a4b..., userDataDir: /var/folders/r3/jx48vvn925n...}, goog:chromeOptions: {debuggerAddress: localhost:53646}, javascriptEnabled: true, networkConnectionEnabled: false, pageLoadStrategy: normal, platform: MAC, platformName: MAC, proxy: Proxy(), setWindowRect: true, strictFileInteractability: false, timeouts: {implicit: 0, pageLoad: 300000, script: 30000}, unhandledPromptBehavior: dismiss and notify, webauthn:virtualAuthenticators: true}
Session ID: c034dda09764ad15e06503854bc2154f
*** Element info: {Using=xpath, value=//*[@class='777create']/*}
	at java.base/jdk.internal.reflect.NativeConstructorAccessorImpl.newInstance0(Native Method)
	at java.base/jdk.internal.reflect.NativeConstructorAccessorImpl.newInstance(NativeConstructorAccessorImpl.java:62)
	at java.base/jdk.internal.reflect.DelegatingConstructorAccessorImpl.newInstance(DelegatingConstructorAccessorImpl.java:45)
	at java.base/java.lang.reflect.Constructor.newInstanceWithCaller(Constructor.java:500)
	at java.base/java.lang.reflect.Constructor.newInstance(Constructor.java:481)
	at org.openqa.selenium.remote.http.W3CHttpResponseCodec.createException(W3CHttpResponseCodec.java:187)
	at org.openqa.selenium.remote.http.W3CHttpResponseCodec.decode(W3CHttpResponseCodec.java:122)
	at org.openqa.selenium.remote.http.W3CHttpResponseCodec.decode(W3CHttpResponseCodec.java:49)
	at org.openqa.selenium.remote.HttpCommandExecutor.execute(HttpCommandExecutor.java:158)
	at org.openqa.selenium.remote.service.DriverCommandExecutor.execute(DriverCommandExecutor.java:83)
	at org.openqa.selenium.remote.RemoteWebDriver.execute(RemoteWebDriver.java:552)
	at org.openqa.selenium.remote.RemoteWebDriver.findElement(RemoteWebDriver.java:323)
	at org.openqa.selenium.remote.RemoteWebDriver.findElementByXPath(RemoteWebDriver.java:428)
	at org.openqa.selenium.By$ByXPath.findElement(By.java:353)
	at org.openqa.selenium.remote.RemoteWebDriver.findElement(RemoteWebDriver.java:315)
	at pageObjects.HomePage.getNewPlaylistNameField(HomePage.java:24)
	at pageObjects.HomePage.createNewPlaylist(HomePage.java:31)
	at tests.HomepageTests.loginTest_createNewPlaylist_newPlaylistCreated(HomepageTests.java:17)
	at java.base/jdk.internal.reflect.NativeMethodAccessorImpl.invoke0(Native Method)
	at java.base/jdk.internal.reflect.NativeMethodAccessorImpl.invoke(NativeMethodAccessorImpl.java:62)
	at java.base/jdk.internal.reflect.DelegatingMethodAccessorImpl.invoke(DelegatingMethodAccessorImpl.java:43)
	at java.base/java.lang.reflect.Method.invoke(Method.java:567)
	at org.testng.internal.MethodInvocationHelper.invokeMethod(MethodInvocationHelper.java:104)
	at org.testng.internal.Invoker.invokeMethod(Invoker.java:645)
	at org.testng.internal.Invoker.invokeTestMethod(Invoker.java:851)
	at org.testng.internal.Invoker.invokeTestMethods(Invoker.java:1177)
	at org.testng.internal.TestMethodWorker.invokeTestMethods(TestMethodWorker.java:129)
	at org.testng.internal.TestMethodWorker.run(TestMethodWorker.java:112)
	at java.base/java.util.concurrent.ThreadPoolExecutor.runWorker(ThreadPoolExecutor.java:1128)
	at java.base/java.util.concurrent.ThreadPoolExecutor$Worker.run(ThreadPoolExecutor.java:628)
	at java.base/java.lang.Thread.run(Thread.java:830)
]]>
            </full-stacktrace>
          </exception> <!-- org.openqa.selenium.NoSuchElementException -->
          <reporter-output>
          </reporter-output>
        </test-method> <!-- loginTest_createNewPlaylist_newPlaylistCreated -->
        <test-method is-config="true" signature="tearDown(org.testng.ITestResult)[pri:0, instance:tests.HomepageTests@1a1d6a08]" started-at="2020-05-04T21:35:55Z" name="tearDown" finished-at="2020-05-04T21:35:55Z" duration-ms="75" status="PASS">
          <params>
            <param index="0">
              <value>
                <![CDATA[[TestResult name=loginTest_createNewPlaylist_newPlaylistCreated status=SKIP method=HomepageTests.loginTest_createNewPlaylist_newPlaylistCreated(java.lang.String, java.lang.String, java.lang.String)[pri:0, instance:tests.HomepageTests@1a1d6a08] output={null}]]]>
              </value>
            </param>
          </params>
          <reporter-output>
          </reporter-output>
        </test-method> <!-- tearDown -->
        <test-method is-config="true" signature="startUp()[pri:0, instance:tests.HomepageTests@1a1d6a08]" started-at="2020-05-04T21:35:55Z" name="startUp" finished-at="2020-05-04T21:35:57Z" duration-ms="1727" status="PASS">
          <reporter-output>
          </reporter-output>
        </test-method> <!-- startUp -->
        <test-method signature="loginTest_createNewPlaylist_newPlaylistCreated(java.lang.String, java.lang.String, java.lang.String)[pri:0, instance:tests.HomepageTests@1a1d6a08]" started-at="2020-05-04T21:35:57Z" name="loginTest_createNewPlaylist_newPlaylistCreated" finished-at="2020-05-04T21:36:03Z" duration-ms="6122" status="SKIP">
          <params>
            <param index="0">
              <value>
                <![CDATA[testpro.user02@testpro.io]]>
              </value>
            </param>
            <param index="1">
              <value>
                <![CDATA[te$t$tudent02]]>
              </value>
            </param>
            <param index="2">
              <value>
                <![CDATA[zzZZzzZZ]]>
              </value>
            </param>
          </params>
          <exception class="org.openqa.selenium.NoSuchElementException">
            <message>
              <![CDATA[no such element: Unable to locate element: {"method":"xpath","selector":"//*[@class='777create']/*"}
  (Session info: headless chrome=81.0.4044.129)
For documentation on this error, please visit: https://www.seleniumhq.org/exceptions/no_such_element.html
Build info: version: '3.141.59', revision: 'e82be7d358', time: '2018-11-14T08:17:03'
System info: host: 'admins-MacBook-Pro.local', ip: '192.168.0.10', os.name: 'Mac OS X', os.arch: 'x86_64', os.version: '10.14.3', java.version: '13.0.2'
Driver info: org.openqa.selenium.chrome.ChromeDriver
Capabilities {acceptInsecureCerts: false, browserName: chrome, browserVersion: 81.0.4044.129, chrome: {chromedriverVersion: 81.0.4044.69 (6813546031a4b..., userDataDir: /var/folders/r3/jx48vvn925n...}, goog:chromeOptions: {debuggerAddress: localhost:53726}, javascriptEnabled: true, networkConnectionEnabled: false, pageLoadStrategy: normal, platform: MAC, platformName: MAC, proxy: Proxy(), setWindowRect: true, strictFileInteractability: false, timeouts: {implicit: 0, pageLoad: 300000, script: 30000}, unhandledPromptBehavior: dismiss and notify, webauthn:virtualAuthenticators: true}
Session ID: 4cc7fa5bc5465dfdb509b5d486bc7dce
*** Element info: {Using=xpath, value=//*[@class='777create']/*}]]>
            </message>
            <full-stacktrace>
              <![CDATA[org.openqa.selenium.NoSuchElementException: no such element: Unable to locate element: {"method":"xpath","selector":"//*[@class='777create']/*"}
  (Session info: headless chrome=81.0.4044.129)
For documentation on this error, please visit: https://www.seleniumhq.org/exceptions/no_such_element.html
Build info: version: '3.141.59', revision: 'e82be7d358', time: '2018-11-14T08:17:03'
System info: host: 'admins-MacBook-Pro.local', ip: '192.168.0.10', os.name: 'Mac OS X', os.arch: 'x86_64', os.version: '10.14.3', java.version: '13.0.2'
Driver info: org.openqa.selenium.chrome.ChromeDriver
Capabilities {acceptInsecureCerts: false, browserName: chrome, browserVersion: 81.0.4044.129, chrome: {chromedriverVersion: 81.0.4044.69 (6813546031a4b..., userDataDir: /var/folders/r3/jx48vvn925n...}, goog:chromeOptions: {debuggerAddress: localhost:53726}, javascriptEnabled: true, networkConnectionEnabled: false, pageLoadStrategy: normal, platform: MAC, platformName: MAC, proxy: Proxy(), setWindowRect: true, strictFileInteractability: false, timeouts: {implicit: 0, pageLoad: 300000, script: 30000}, unhandledPromptBehavior: dismiss and notify, webauthn:virtualAuthenticators: true}
Session ID: 4cc7fa5bc5465dfdb509b5d486bc7dce
*** Element info: {Using=xpath, value=//*[@class='777create']/*}
	at java.base/jdk.internal.reflect.NativeConstructorAccessorImpl.newInstance0(Native Method)
	at java.base/jdk.internal.reflect.NativeConstructorAccessorImpl.newInstance(NativeConstructorAccessorImpl.java:62)
	at java.base/jdk.internal.reflect.DelegatingConstructorAccessorImpl.newInstance(DelegatingConstructorAccessorImpl.java:45)
	at java.base/java.lang.reflect.Constructor.newInstanceWithCaller(Constructor.java:500)
	at java.base/java.lang.reflect.Constructor.newInstance(Constructor.java:481)
	at org.openqa.selenium.remote.http.W3CHttpResponseCodec.createException(W3CHttpResponseCodec.java:187)
	at org.openqa.selenium.remote.http.W3CHttpResponseCodec.decode(W3CHttpResponseCodec.java:122)
	at org.openqa.selenium.remote.http.W3CHttpResponseCodec.decode(W3CHttpResponseCodec.java:49)
	at org.openqa.selenium.remote.HttpCommandExecutor.execute(HttpCommandExecutor.java:158)
	at org.openqa.selenium.remote.service.DriverCommandExecutor.execute(DriverCommandExecutor.java:83)
	at org.openqa.selenium.remote.RemoteWebDriver.execute(RemoteWebDriver.java:552)
	at org.openqa.selenium.remote.RemoteWebDriver.findElement(RemoteWebDriver.java:323)
	at org.openqa.selenium.remote.RemoteWebDriver.findElementByXPath(RemoteWebDriver.java:428)
	at org.openqa.selenium.By$ByXPath.findElement(By.java:353)
	at org.openqa.selenium.remote.RemoteWebDriver.findElement(RemoteWebDriver.java:315)
	at pageObjects.HomePage.getNewPlaylistNameField(HomePage.java:24)
	at pageObjects.HomePage.createNewPlaylist(HomePage.java:31)
	at tests.HomepageTests.loginTest_createNewPlaylist_newPlaylistCreated(HomepageTests.java:17)
	at java.base/jdk.internal.reflect.NativeMethodAccessorImpl.invoke0(Native Method)
	at java.base/jdk.internal.reflect.NativeMethodAccessorImpl.invoke(NativeMethodAccessorImpl.java:62)
	at java.base/jdk.internal.reflect.DelegatingMethodAccessorImpl.invoke(DelegatingMethodAccessorImpl.java:43)
	at java.base/java.lang.reflect.Method.invoke(Method.java:567)
	at org.testng.internal.MethodInvocationHelper.invokeMethod(MethodInvocationHelper.java:104)
	at org.testng.internal.Invoker.invokeMethod(Invoker.java:645)
	at org.testng.internal.Invoker.retryFailed(Invoker.java:998)
	at org.testng.internal.Invoker.invokeTestMethods(Invoker.java:1200)
	at org.testng.internal.TestMethodWorker.invokeTestMethods(TestMethodWorker.java:129)
	at org.testng.internal.TestMethodWorker.run(TestMethodWorker.java:112)
	at java.base/java.util.concurrent.ThreadPoolExecutor.runWorker(ThreadPoolExecutor.java:1128)
	at java.base/java.util.concurrent.ThreadPoolExecutor$Worker.run(ThreadPoolExecutor.java:628)
	at java.base/java.lang.Thread.run(Thread.java:830)
]]>
            </full-stacktrace>
          </exception> <!-- org.openqa.selenium.NoSuchElementException -->
          <reporter-output>
          </reporter-output>
        </test-method> <!-- loginTest_createNewPlaylist_newPlaylistCreated -->
        <test-method is-config="true" signature="tearDown(org.testng.ITestResult)[pri:0, instance:tests.HomepageTests@1a1d6a08]" started-at="2020-05-04T21:36:03Z" name="tearDown" finished-at="2020-05-04T21:36:03Z" duration-ms="52" status="PASS">
          <params>
            <param index="0">
              <value>
                <![CDATA[[TestResult name=loginTest_createNewPlaylist_newPlaylistCreated status=SKIP method=HomepageTests.loginTest_createNewPlaylist_newPlaylistCreated(java.lang.String, java.lang.String, java.lang.String)[pri:0, instance:tests.HomepageTests@1a1d6a08] output={null}]]]>
              </value>
            </param>
          </params>
          <reporter-output>
          </reporter-output>
        </test-method> <!-- tearDown -->
        <test-method is-config="true" signature="startUp()[pri:0, instance:tests.HomepageTests@1a1d6a08]" started-at="2020-05-04T21:36:03Z" name="startUp" finished-at="2020-05-04T21:36:04Z" duration-ms="860" status="PASS">
          <reporter-output>
          </reporter-output>
        </test-method> <!-- startUp -->
        <test-method signature="loginTest_createNewPlaylist_newPlaylistCreated(java.lang.String, java.lang.String, java.lang.String)[pri:0, instance:tests.HomepageTests@1a1d6a08]" started-at="2020-05-04T21:36:04Z" name="loginTest_createNewPlaylist_newPlaylistCreated" finished-at="2020-05-04T21:36:08Z" duration-ms="3730" status="FAIL">
          <params>
            <param index="0">
              <value>
                <![CDATA[testpro.user02@testpro.io]]>
              </value>
            </param>
            <param index="1">
              <value>
                <![CDATA[te$t$tudent02]]>
              </value>
            </param>
            <param index="2">
              <value>
                <![CDATA[zzZZzzZZ]]>
              </value>
            </param>
          </params>
          <exception class="org.openqa.selenium.NoSuchElementException">
            <message>
              <![CDATA[no such element: Unable to locate element: {"method":"xpath","selector":"//*[@class='777create']/*"}
  (Session info: headless chrome=81.0.4044.129)
For documentation on this error, please visit: https://www.seleniumhq.org/exceptions/no_such_element.html
Build info: version: '3.141.59', revision: 'e82be7d358', time: '2018-11-14T08:17:03'
System info: host: 'admins-MacBook-Pro.local', ip: '192.168.0.10', os.name: 'Mac OS X', os.arch: 'x86_64', os.version: '10.14.3', java.version: '13.0.2'
Driver info: org.openqa.selenium.chrome.ChromeDriver
Capabilities {acceptInsecureCerts: false, browserName: chrome, browserVersion: 81.0.4044.129, chrome: {chromedriverVersion: 81.0.4044.69 (6813546031a4b..., userDataDir: /var/folders/r3/jx48vvn925n...}, goog:chromeOptions: {debuggerAddress: localhost:53782}, javascriptEnabled: true, networkConnectionEnabled: false, pageLoadStrategy: normal, platform: MAC, platformName: MAC, proxy: Proxy(), setWindowRect: true, strictFileInteractability: false, timeouts: {implicit: 0, pageLoad: 300000, script: 30000}, unhandledPromptBehavior: dismiss and notify, webauthn:virtualAuthenticators: true}
Session ID: b78cbb276f1fd70265c1776e2e4f0095
*** Element info: {Using=xpath, value=//*[@class='777create']/*}]]>
            </message>
            <full-stacktrace>
              <![CDATA[org.openqa.selenium.NoSuchElementException: no such element: Unable to locate element: {"method":"xpath","selector":"//*[@class='777create']/*"}
  (Session info: headless chrome=81.0.4044.129)
For documentation on this error, please visit: https://www.seleniumhq.org/exceptions/no_such_element.html
Build info: version: '3.141.59', revision: 'e82be7d358', time: '2018-11-14T08:17:03'
System info: host: 'admins-MacBook-Pro.local', ip: '192.168.0.10', os.name: 'Mac OS X', os.arch: 'x86_64', os.version: '10.14.3', java.version: '13.0.2'
Driver info: org.openqa.selenium.chrome.ChromeDriver
Capabilities {acceptInsecureCerts: false, browserName: chrome, browserVersion: 81.0.4044.129, chrome: {chromedriverVersion: 81.0.4044.69 (6813546031a4b..., userDataDir: /var/folders/r3/jx48vvn925n...}, goog:chromeOptions: {debuggerAddress: localhost:53782}, javascriptEnabled: true, networkConnectionEnabled: false, pageLoadStrategy: normal, platform: MAC, platformName: MAC, proxy: Proxy(), setWindowRect: true, strictFileInteractability: false, timeouts: {implicit: 0, pageLoad: 300000, script: 30000}, unhandledPromptBehavior: dismiss and notify, webauthn:virtualAuthenticators: true}
Session ID: b78cbb276f1fd70265c1776e2e4f0095
*** Element info: {Using=xpath, value=//*[@class='777create']/*}
	at java.base/jdk.internal.reflect.NativeConstructorAccessorImpl.newInstance0(Native Method)
	at java.base/jdk.internal.reflect.NativeConstructorAccessorImpl.newInstance(NativeConstructorAccessorImpl.java:62)
	at java.base/jdk.internal.reflect.DelegatingConstructorAccessorImpl.newInstance(DelegatingConstructorAccessorImpl.java:45)
	at java.base/java.lang.reflect.Constructor.newInstanceWithCaller(Constructor.java:500)
	at java.base/java.lang.reflect.Constructor.newInstance(Constructor.java:481)
	at org.openqa.selenium.remote.http.W3CHttpResponseCodec.createException(W3CHttpResponseCodec.java:187)
	at org.openqa.selenium.remote.http.W3CHttpResponseCodec.decode(W3CHttpResponseCodec.java:122)
	at org.openqa.selenium.remote.http.W3CHttpResponseCodec.decode(W3CHttpResponseCodec.java:49)
	at org.openqa.selenium.remote.HttpCommandExecutor.execute(HttpCommandExecutor.java:158)
	at org.openqa.selenium.remote.service.DriverCommandExecutor.execute(DriverCommandExecutor.java:83)
	at org.openqa.selenium.remote.RemoteWebDriver.execute(RemoteWebDriver.java:552)
	at org.openqa.selenium.remote.RemoteWebDriver.findElement(RemoteWebDriver.java:323)
	at org.openqa.selenium.remote.RemoteWebDriver.findElementByXPath(RemoteWebDriver.java:428)
	at org.openqa.selenium.By$ByXPath.findElement(By.java:353)
	at org.openqa.selenium.remote.RemoteWebDriver.findElement(RemoteWebDriver.java:315)
	at pageObjects.HomePage.getNewPlaylistNameField(HomePage.java:24)
	at pageObjects.HomePage.createNewPlaylist(HomePage.java:31)
	at tests.HomepageTests.loginTest_createNewPlaylist_newPlaylistCreated(HomepageTests.java:17)
	at java.base/jdk.internal.reflect.NativeMethodAccessorImpl.invoke0(Native Method)
	at java.base/jdk.internal.reflect.NativeMethodAccessorImpl.invoke(NativeMethodAccessorImpl.java:62)
	at java.base/jdk.internal.reflect.DelegatingMethodAccessorImpl.invoke(DelegatingMethodAccessorImpl.java:43)
	at java.base/java.lang.reflect.Method.invoke(Method.java:567)
	at org.testng.internal.MethodInvocationHelper.invokeMethod(MethodInvocationHelper.java:104)
	at org.testng.internal.Invoker.invokeMethod(Invoker.java:645)
	at org.testng.internal.Invoker.retryFailed(Invoker.java:998)
	at org.testng.internal.Invoker.invokeTestMethods(Invoker.java:1200)
	at org.testng.internal.TestMethodWorker.invokeTestMethods(TestMethodWorker.java:129)
	at org.testng.internal.TestMethodWorker.run(TestMethodWorker.java:112)
	at java.base/java.util.concurrent.ThreadPoolExecutor.runWorker(ThreadPoolExecutor.java:1128)
	at java.base/java.util.concurrent.ThreadPoolExecutor$Worker.run(ThreadPoolExecutor.java:628)
	at java.base/java.lang.Thread.run(Thread.java:830)
]]>
            </full-stacktrace>
          </exception> <!-- org.openqa.selenium.NoSuchElementException -->
          <reporter-output>
          </reporter-output>
        </test-method> <!-- loginTest_createNewPlaylist_newPlaylistCreated -->
        <test-method is-config="true" signature="tearDown(org.testng.ITestResult)[pri:0, instance:tests.HomepageTests@1a1d6a08]" started-at="2020-05-04T21:36:08Z" name="tearDown" finished-at="2020-05-04T21:36:08Z" duration-ms="622" status="PASS">
          <params>
            <param index="0">
              <value>
                <![CDATA[[TestResult name=loginTest_createNewPlaylist_newPlaylistCreated status=FAILURE method=HomepageTests.loginTest_createNewPlaylist_newPlaylistCreated(java.lang.String, java.lang.String, java.lang.String)[pri:0, instance:tests.HomepageTests@1a1d6a08] output={null}]]]>
              </value>
            </param>
          </params>
          <reporter-output>
          </reporter-output>
        </test-method> <!-- tearDown -->
        <test-method is-config="true" signature="startUp()[pri:0, instance:tests.HomepageTests@1a1d6a08]" started-at="2020-05-04T21:36:08Z" name="startUp" finished-at="2020-05-04T21:36:09Z" duration-ms="572" status="PASS">
          <reporter-output>
          </reporter-output>
        </test-method> <!-- startUp -->
        <test-method signature="scrollDown(java.lang.String, java.lang.String, java.lang.String, java.lang.String)[pri:0, instance:tests.HomepageTests@1a1d6a08]" started-at="2020-05-04T21:36:09Z" name="scrollDown" finished-at="2020-05-04T21:36:13Z" duration-ms="3959" status="FAIL">
          <params>
            <param index="0">
              <value>
                <![CDATA[testpro.user02@testpro.io]]>
              </value>
            </param>
            <param index="1">
              <value>
                <![CDATA[te$t$tudent02]]>
              </value>
            </param>
            <param index="2">
              <value>
                <![CDATA[zzZZzzZZ]]>
              </value>
            </param>
            <param index="3">
              <value>
                <![CDATA[newZZZZZZZZZ]]>
              </value>
            </param>
          </params>
          <exception class="org.openqa.selenium.NoSuchElementException">
            <message>
              <![CDATA[no such element: Unable to locate element: {"method":"xpath","selector":"//*[@class='777create']/*"}
  (Session info: headless chrome=81.0.4044.129)
For documentation on this error, please visit: https://www.seleniumhq.org/exceptions/no_such_element.html
Build info: version: '3.141.59', revision: 'e82be7d358', time: '2018-11-14T08:17:03'
System info: host: 'admins-MacBook-Pro.local', ip: '192.168.0.10', os.name: 'Mac OS X', os.arch: 'x86_64', os.version: '10.14.3', java.version: '13.0.2'
Driver info: org.openqa.selenium.chrome.ChromeDriver
Capabilities {acceptInsecureCerts: false, browserName: chrome, browserVersion: 81.0.4044.129, chrome: {chromedriverVersion: 81.0.4044.69 (6813546031a4b..., userDataDir: /var/folders/r3/jx48vvn925n...}, goog:chromeOptions: {debuggerAddress: localhost:53803}, javascriptEnabled: true, networkConnectionEnabled: false, pageLoadStrategy: normal, platform: MAC, platformName: MAC, proxy: Proxy(), setWindowRect: true, strictFileInteractability: false, timeouts: {implicit: 0, pageLoad: 300000, script: 30000}, unhandledPromptBehavior: dismiss and notify, webauthn:virtualAuthenticators: true}
Session ID: 3760cf85ddcc862be7470cab5b46b780
*** Element info: {Using=xpath, value=//*[@class='777create']/*}]]>
            </message>
            <full-stacktrace>
              <![CDATA[org.openqa.selenium.NoSuchElementException: no such element: Unable to locate element: {"method":"xpath","selector":"//*[@class='777create']/*"}
  (Session info: headless chrome=81.0.4044.129)
For documentation on this error, please visit: https://www.seleniumhq.org/exceptions/no_such_element.html
Build info: version: '3.141.59', revision: 'e82be7d358', time: '2018-11-14T08:17:03'
System info: host: 'admins-MacBook-Pro.local', ip: '192.168.0.10', os.name: 'Mac OS X', os.arch: 'x86_64', os.version: '10.14.3', java.version: '13.0.2'
Driver info: org.openqa.selenium.chrome.ChromeDriver
Capabilities {acceptInsecureCerts: false, browserName: chrome, browserVersion: 81.0.4044.129, chrome: {chromedriverVersion: 81.0.4044.69 (6813546031a4b..., userDataDir: /var/folders/r3/jx48vvn925n...}, goog:chromeOptions: {debuggerAddress: localhost:53803}, javascriptEnabled: true, networkConnectionEnabled: false, pageLoadStrategy: normal, platform: MAC, platformName: MAC, proxy: Proxy(), setWindowRect: true, strictFileInteractability: false, timeouts: {implicit: 0, pageLoad: 300000, script: 30000}, unhandledPromptBehavior: dismiss and notify, webauthn:virtualAuthenticators: true}
Session ID: 3760cf85ddcc862be7470cab5b46b780
*** Element info: {Using=xpath, value=//*[@class='777create']/*}
	at jdk.internal.reflect.GeneratedConstructorAccessor9.newInstance(Unknown Source)
	at java.base/jdk.internal.reflect.DelegatingConstructorAccessorImpl.newInstance(DelegatingConstructorAccessorImpl.java:45)
	at java.base/java.lang.reflect.Constructor.newInstanceWithCaller(Constructor.java:500)
	at java.base/java.lang.reflect.Constructor.newInstance(Constructor.java:481)
	at org.openqa.selenium.remote.http.W3CHttpResponseCodec.createException(W3CHttpResponseCodec.java:187)
	at org.openqa.selenium.remote.http.W3CHttpResponseCodec.decode(W3CHttpResponseCodec.java:122)
	at org.openqa.selenium.remote.http.W3CHttpResponseCodec.decode(W3CHttpResponseCodec.java:49)
	at org.openqa.selenium.remote.HttpCommandExecutor.execute(HttpCommandExecutor.java:158)
	at org.openqa.selenium.remote.service.DriverCommandExecutor.execute(DriverCommandExecutor.java:83)
	at org.openqa.selenium.remote.RemoteWebDriver.execute(RemoteWebDriver.java:552)
	at org.openqa.selenium.remote.RemoteWebDriver.findElement(RemoteWebDriver.java:323)
	at org.openqa.selenium.remote.RemoteWebDriver.findElementByXPath(RemoteWebDriver.java:428)
	at org.openqa.selenium.By$ByXPath.findElement(By.java:353)
	at org.openqa.selenium.remote.RemoteWebDriver.findElement(RemoteWebDriver.java:315)
	at pageObjects.HomePage.getNewPlaylistNameField(HomePage.java:24)
	at pageObjects.HomePage.createNewPlaylist(HomePage.java:31)
	at tests.HomepageTests.scrollDown(HomepageTests.java:26)
	at java.base/jdk.internal.reflect.NativeMethodAccessorImpl.invoke0(Native Method)
	at java.base/jdk.internal.reflect.NativeMethodAccessorImpl.invoke(NativeMethodAccessorImpl.java:62)
	at java.base/jdk.internal.reflect.DelegatingMethodAccessorImpl.invoke(DelegatingMethodAccessorImpl.java:43)
	at java.base/java.lang.reflect.Method.invoke(Method.java:567)
	at org.testng.internal.MethodInvocationHelper.invokeMethod(MethodInvocationHelper.java:104)
	at org.testng.internal.Invoker.invokeMethod(Invoker.java:645)
	at org.testng.internal.Invoker.invokeTestMethod(Invoker.java:851)
	at org.testng.internal.Invoker.invokeTestMethods(Invoker.java:1177)
	at org.testng.internal.TestMethodWorker.invokeTestMethods(TestMethodWorker.java:129)
	at org.testng.internal.TestMethodWorker.run(TestMethodWorker.java:112)
	at java.base/java.util.concurrent.ThreadPoolExecutor.runWorker(ThreadPoolExecutor.java:1128)
	at java.base/java.util.concurrent.ThreadPoolExecutor$Worker.run(ThreadPoolExecutor.java:628)
	at java.base/java.lang.Thread.run(Thread.java:830)
]]>
            </full-stacktrace>
          </exception> <!-- org.openqa.selenium.NoSuchElementException -->
          <reporter-output>
          </reporter-output>
        </test-method> <!-- scrollDown -->
        <test-method is-config="true" signature="tearDown(org.testng.ITestResult)[pri:0, instance:tests.HomepageTests@1a1d6a08]" started-at="2020-05-04T21:36:13Z" name="tearDown" finished-at="2020-05-04T21:36:14Z" duration-ms="633" status="PASS">
          <params>
            <param index="0">
              <value>
                <![CDATA[[TestResult name=scrollDown status=FAILURE method=HomepageTests.scrollDown(java.lang.String, java.lang.String, java.lang.String, java.lang.String)[pri:0, instance:tests.HomepageTests@1a1d6a08] output={null}]]]>
              </value>
            </param>
          </params>
          <reporter-output>
          </reporter-output>
        </test-method> <!-- tearDown -->
      </class> <!-- tests.HomepageTests -->
      <class name="tests.LoginTests_new">
        <test-method is-config="true" signature="startUp()[pri:0, instance:tests.LoginTests_new@436e852b]" started-at="2020-05-04T21:35:41Z" name="startUp" finished-at="2020-05-04T21:35:45Z" duration-ms="4448" status="PASS">
          <reporter-output>
          </reporter-output>
        </test-method> <!-- startUp -->
        <test-method signature="new_loginTest_correctCredentials_loggedToApp()[pri:0, instance:tests.LoginTests_new@436e852b]" started-at="2020-05-04T21:35:45Z" name="new_loginTest_correctCredentials_loggedToApp" finished-at="2020-05-04T21:35:54Z" duration-ms="8577" status="PASS">
          <reporter-output>
          </reporter-output>
        </test-method> <!-- new_loginTest_correctCredentials_loggedToApp -->
        <test-method is-config="true" signature="tearDown(org.testng.ITestResult)[pri:0, instance:tests.LoginTests_new@436e852b]" started-at="2020-05-04T21:35:54Z" name="tearDown" finished-at="2020-05-04T21:35:54Z" duration-ms="91" status="PASS">
          <params>
            <param index="0">
              <value>
                <![CDATA[[TestResult name=new_loginTest_correctCredentials_loggedToApp status=SUCCESS method=LoginTests_new.new_loginTest_correctCredentials_loggedToApp()[pri:0, instance:tests.LoginTests_new@436e852b] output={null}]]]>
              </value>
            </param>
          </params>
          <reporter-output>
          </reporter-output>
        </test-method> <!-- tearDown -->
        <test-method is-config="true" signature="startUp()[pri:0, instance:tests.LoginTests_new@436e852b]" started-at="2020-05-04T21:35:54Z" name="startUp" finished-at="2020-05-04T21:35:57Z" duration-ms="2858" status="PASS">
          <reporter-output>
          </reporter-output>
        </test-method> <!-- startUp -->
        <test-method signature="new_loginTest_incorrectCredentials_notLoggedToApp()[pri:0, instance:tests.LoginTests_new@436e852b]" started-at="2020-05-04T21:35:57Z" name="new_loginTest_incorrectCredentials_notLoggedToApp" finished-at="2020-05-04T21:36:00Z" duration-ms="3478" status="PASS">
          <reporter-output>
          </reporter-output>
        </test-method> <!-- new_loginTest_incorrectCredentials_notLoggedToApp -->
        <test-method is-config="true" signature="tearDown(org.testng.ITestResult)[pri:0, instance:tests.LoginTests_new@436e852b]" started-at="2020-05-04T21:36:00Z" name="tearDown" finished-at="2020-05-04T21:36:01Z" duration-ms="130" status="PASS">
          <params>
            <param index="0">
              <value>
                <![CDATA[[TestResult name=new_loginTest_incorrectCredentials_notLoggedToApp status=SUCCESS method=LoginTests_new.new_loginTest_incorrectCredentials_notLoggedToApp()[pri:0, instance:tests.LoginTests_new@436e852b] output={null}]]]>
              </value>
            </param>
          </params>
          <reporter-output>
          </reporter-output>
        </test-method> <!-- tearDown -->
      </class> <!-- tests.LoginTests_new -->
    </test> <!-- All tests -->
  </suite> <!-- Master Suite -->
</testng-results>
