<?xml version="1.0" encoding="UTF-8"?>
<testng-results ignored="12" total="19" passed="5" failed="2" skipped="0">
    <reporter-output>
    </reporter-output>
    <suite started-at="2020-05-02T11:51:32 PDT" name="Master Suite" finished-at="2020-05-02T11:51:47 PDT"
           duration-ms="15740">
        <groups>
        </groups>
        <test started-at="2020-05-02T11:51:32 PDT" name="All tests" finished-at="2020-05-02T11:51:47 PDT"
              duration-ms="15740">
            <class name="tests.LoginTests">
                <test-method is-config="true" signature="startUp()[pri:0, instance:tests.LoginTests@730d2164]"
                             started-at="2020-05-02T11:51:32 PDT" name="startUp" finished-at="2020-05-02T11:51:35 PDT"
                             duration-ms="3635" status="PASS">
                    <reporter-output>
                    </reporter-output>
                </test-method> <!-- startUp -->
                <test-method signature="test_Sum(int, int, int)[pri:0, instance:tests.LoginTests@730d2164]"
                             started-at="2020-05-02T11:51:35 PDT" name="test_Sum" data-provider="Summary"
                             finished-at="2020-05-02T11:51:35 PDT" duration-ms="3" status="PASS">
                    <params>
                        <param index="0">
                            <value>
                                <![CDATA[32]]>
                            </value>
                        </param>
                        <param index="1">
                            <value>
                                <![CDATA[2]]>
                            </value>
                        </param>
                        <param index="2">
                            <value>
                                <![CDATA[34]]>
                            </value>
                        </param>
                    </params>
                    <reporter-output>
                    </reporter-output>
                </test-method> <!-- test_Sum -->
                <test-method is-config="true"
                             signature="tearDown(org.testng.ITestResult)[pri:0, instance:tests.LoginTests@730d2164]"
                             started-at="2020-05-02T11:51:35 PDT" name="tearDown" finished-at="2020-05-02T11:51:36 PDT"
                             duration-ms="597" status="PASS">
                    <params>
                        <param index="0">
                            <value>
                                <![CDATA[[TestResult name=test_Sum status=SUCCESS method=LoginTests.test_Sum(int, int, int)[pri:0, instance:tests.LoginTests@730d2164] output={null}]]]>
                            </value>
                        </param>
                    </params>
                    <reporter-output>
                    </reporter-output>
                </test-method> <!-- tearDown -->
                <test-method is-config="true" signature="startUp()[pri:0, instance:tests.LoginTests@730d2164]"
                             started-at="2020-05-02T11:51:36 PDT" name="startUp" finished-at="2020-05-02T11:51:39 PDT"
                             duration-ms="3036" status="PASS">
                    <reporter-output>
                    </reporter-output>
                </test-method> <!-- startUp -->
                <test-method signature="test_Sum(int, int, int)[pri:0, instance:tests.LoginTests@730d2164]"
                             started-at="2020-05-02T11:51:39 PDT" name="test_Sum" data-provider="Summary"
                             finished-at="2020-05-02T11:51:39 PDT" duration-ms="0" status="PASS">
                    <params>
                        <param index="0">
                            <value>
                                <![CDATA[2]]>
                            </value>
                        </param>
                        <param index="1">
                            <value>
                                <![CDATA[8]]>
                            </value>
                        </param>
                        <param index="2">
                            <value>
                                <![CDATA[10]]>
                            </value>
                        </param>
                    </params>
                    <reporter-output>
                    </reporter-output>
                </test-method> <!-- test_Sum -->
                <test-method is-config="true"
                             signature="tearDown(org.testng.ITestResult)[pri:0, instance:tests.LoginTests@730d2164]"
                             started-at="2020-05-02T11:51:39 PDT" name="tearDown" finished-at="2020-05-02T11:51:39 PDT"
                             duration-ms="545" status="PASS">
                    <params>
                        <param index="0">
                            <value>
                                <![CDATA[[TestResult name=test_Sum status=SUCCESS method=LoginTests.test_Sum(int, int, int)[pri:0, instance:tests.LoginTests@730d2164] output={null}]]]>
                            </value>
                        </param>
                    </params>
                    <reporter-output>
                    </reporter-output>
                </test-method> <!-- tearDown -->
                <test-method is-config="true" signature="startUp()[pri:0, instance:tests.LoginTests@730d2164]"
                             started-at="2020-05-02T11:51:39 PDT" name="startUp" finished-at="2020-05-02T11:51:42 PDT"
                             duration-ms="3036" status="PASS">
                    <reporter-output>
                    </reporter-output>
                </test-method> <!-- startUp -->
                <test-method signature="test_Sum(int, int, int)[pri:0, instance:tests.LoginTests@730d2164]"
                             started-at="2020-05-02T11:51:42 PDT" name="test_Sum" data-provider="Summary"
                             finished-at="2020-05-02T11:51:42 PDT" duration-ms="0" status="FAIL">
                    <params>
                        <param index="0">
                            <value>
                                <![CDATA[3]]>
                            </value>
                        </param>
                        <param index="1">
                            <value>
                                <![CDATA[3]]>
                            </value>
                        </param>
                        <param index="2">
                            <value>
                                <![CDATA[7]]>
                            </value>
                        </param>
                    </params>
                    <exception class="java.lang.AssertionError">
                        <message>
                            <![CDATA[expected [7] but found [6]]]>
                        </message>
                        <full-stacktrace>
                            <![CDATA[java.lang.AssertionError: expected [7] but found [6]
at org.testng.Assert.fail(Assert.java:97)
at org.testng.Assert.assertEqualsImpl(Assert.java:136)
at org.testng.Assert.assertEquals(Assert.java:118)
at org.testng.Assert.assertEquals(Assert.java:839)
at org.testng.Assert.assertEquals(Assert.java:849)
at tests.LoginTests.test_Sum(LoginTests.java:52)
at java.base/jdk.internal.reflect.NativeMethodAccessorImpl.invoke0(Native Method)
at java.base/jdk.internal.reflect.NativeMethodAccessorImpl.invoke(NativeMethodAccessorImpl.java:62)
at java.base/jdk.internal.reflect.DelegatingMethodAccessorImpl.invoke(DelegatingMethodAccessorImpl.java:43)
at java.base/java.lang.reflect.Method.invoke(Method.java:564)
at org.testng.internal.MethodInvocationHelper.invokeMethod(MethodInvocationHelper.java:134)
at org.testng.internal.TestInvoker.invokeMethod(TestInvoker.java:597)
at org.testng.internal.TestInvoker.invokeTestMethod(TestInvoker.java:173)
at org.testng.internal.MethodRunner.runInSequence(MethodRunner.java:46)
at org.testng.internal.TestInvoker$MethodInvocationAgent.invoke(TestInvoker.java:816)
at org.testng.internal.TestInvoker.invokeTestMethods(TestInvoker.java:146)
at org.testng.internal.TestMethodWorker.invokeTestMethods(TestMethodWorker.java:146)
at org.testng.internal.TestMethodWorker.run(TestMethodWorker.java:128)
at java.base/java.util.concurrent.ThreadPoolExecutor.runWorker(ThreadPoolExecutor.java:1130)
at java.base/java.util.concurrent.ThreadPoolExecutor$Worker.run(ThreadPoolExecutor.java:630)
at java.base/java.lang.Thread.run(Thread.java:832)
]]>
                        </full-stacktrace>
                    </exception> <!-- java.lang.AssertionError -->
                    <reporter-output>
                    </reporter-output>
                </test-method> <!-- test_Sum -->
                <test-method is-config="true"
                             signature="tearDown(org.testng.ITestResult)[pri:0, instance:tests.LoginTests@730d2164]"
                             started-at="2020-05-02T11:51:42 PDT" name="tearDown" finished-at="2020-05-02T11:51:43 PDT"
                             duration-ms="826" status="PASS">
                    <params>
                        <param index="0">
                            <value>
                                <![CDATA[[TestResult name=test_Sum status=FAILURE method=LoginTests.test_Sum(int, int, int)[pri:0, instance:tests.LoginTests@730d2164] output={null}]]]>
                            </value>
                        </param>
                    </params>
                    <reporter-output>
                    </reporter-output>
                </test-method> <!-- tearDown -->
                <test-method is-config="true" signature="startUp()[pri:0, instance:tests.LoginTests@730d2164]"
                             started-at="2020-05-02T11:51:43 PDT" name="startUp" finished-at="2020-05-02T11:51:46 PDT"
                             duration-ms="3041" status="PASS">
                    <reporter-output>
                    </reporter-output>
                </test-method> <!-- startUp -->
                <test-method signature="test_Sum(int, int, int)[pri:0, instance:tests.LoginTests@730d2164]"
                             started-at="2020-05-02T11:51:46 PDT" name="test_Sum" data-provider="Summary"
                             finished-at="2020-05-02T11:51:46 PDT" duration-ms="0" status="PASS">
                    <params>
                        <param index="0">
                            <value>
                                <![CDATA[4]]>
                            </value>
                        </param>
                        <param index="1">
                            <value>
                                <![CDATA[3]]>
                            </value>
                        </param>
                        <param index="2">
                            <value>
                                <![CDATA[7]]>
                            </value>
                        </param>
                    </params>
                    <reporter-output>
                    </reporter-output>
                </test-method> <!-- test_Sum -->
                <test-method is-config="true"
                             signature="tearDown(org.testng.ITestResult)[pri:0, instance:tests.LoginTests@730d2164]"
                             started-at="2020-05-02T11:51:46 PDT" name="tearDown" finished-at="2020-05-02T11:51:47 PDT"
                             duration-ms="542" status="PASS">
                    <params>
                        <param index="0">
                            <value>
                                <![CDATA[[TestResult name=test_Sum status=SUCCESS method=LoginTests.test_Sum(int, int, int)[pri:0, instance:tests.LoginTests@730d2164] output={null}]]]>
                            </value>
                        </param>
                    </params>
                    <reporter-output>
                    </reporter-output>
                </test-method> <!-- tearDown -->
            </class> <!-- tests.LoginTests -->
            <class name="tests.HomePageTests">
                <test-method is-config="true" signature="startUp()[pri:0, instance:tests.HomePageTests@20bd8be5]"
                             started-at="2020-05-02T11:51:32 PDT" name="startUp" finished-at="2020-05-02T11:51:35 PDT"
                             duration-ms="3621" status="PASS">
                    <reporter-output>
                    </reporter-output>
                </test-method> <!-- startUp -->
                <test-method
                        signature="homePageTest_AddPlaylist_NewPlaylistAdded(java.lang.String, java.lang.String, java.lang.String)[pri:0, instance:tests.HomePageTests@20bd8be5]"
                        started-at="2020-05-02T11:51:35 PDT" name="homePageTest_AddPlaylist_NewPlaylistAdded"
                        finished-at="2020-05-02T11:51:42 PDT" duration-ms="6526" status="FAIL">
                    <params>
                        <param index="0">
                            <value>
                                <![CDATA[testpro.user02@testpro.io]]>
                            </value>
                        </param>
                        <param index="1">
                            <value>
                                <![CDATA[te$t$tudent02]]>
                            </value>
                        </param>
                        <param index="2">
                            <value>
                                <![CDATA[agAGagAGag]]>
                            </value>
                        </param>
                    </params>
                    <exception class="org.openqa.selenium.ElementClickInterceptedException">
                        <message>
                            <![CDATA[element click intercepted: Element <i class="fa fa-plus-circle control create"></i> is not clickable at point (233, 408). Other element would receive the click: <nav id="sidebar" class="side side-nav showing">...</nav>
  (Session info: headless chrome=81.0.4044.129)
Build info: version: '3.141.59', revision: 'e82be7d358', time: '2018-11-14T08:17:03'
System info: host: 'DESKTOP-QPPOL30', ip: '192.168.1.138', os.name: 'Windows 10', os.arch: 'amd64', os.version: '10.0', java.version: '14.0.1'
Driver info: org.openqa.selenium.chrome.ChromeDriver
Capabilities {acceptInsecureCerts: false, browserName: chrome, browserVersion: 81.0.4044.129, chrome: {chromedriverVersion: 81.0.4044.69 (6813546031a4b..., userDataDir: C:\Users\Anton\AppData\Loca...}, goog:chromeOptions: {debuggerAddress: localhost:53970}, javascriptEnabled: true, networkConnectionEnabled: false, pageLoadStrategy: normal, platform: WINDOWS, platformName: WINDOWS, proxy: Proxy(), setWindowRect: true, strictFileInteractability: false, timeouts: {implicit: 0, pageLoad: 300000, script: 30000}, unhandledPromptBehavior: dismiss and notify, webauthn:virtualAuthenticators: true}
Session ID: 2283ac71e59c2fd1b67ac58f1b88f5a6]]>
                        </message>
                        <full-stacktrace>
                            <![CDATA[org.openqa.selenium.ElementClickInterceptedException: element click intercepted: Element <i class="fa fa-plus-circle control create"></i> is not clickable at point (233, 408). Other element would receive the click: <nav id="sidebar" class="side side-nav showing">...</nav>
  (Session info: headless chrome=81.0.4044.129)
Build info: version: '3.141.59', revision: 'e82be7d358', time: '2018-11-14T08:17:03'
System info: host: 'DESKTOP-QPPOL30', ip: '192.168.1.138', os.name: 'Windows 10', os.arch: 'amd64', os.version: '10.0', java.version: '14.0.1'
Driver info: org.openqa.selenium.chrome.ChromeDriver
Capabilities {acceptInsecureCerts: false, browserName: chrome, browserVersion: 81.0.4044.129, chrome: {chromedriverVersion: 81.0.4044.69 (6813546031a4b..., userDataDir: C:\Users\Anton\AppData\Loca...}, goog:chromeOptions: {debuggerAddress: localhost:53970}, javascriptEnabled: true, networkConnectionEnabled: false, pageLoadStrategy: normal, platform: WINDOWS, platformName: WINDOWS, proxy: Proxy(), setWindowRect: true, strictFileInteractability: false, timeouts: {implicit: 0, pageLoad: 300000, script: 30000}, unhandledPromptBehavior: dismiss and notify, webauthn:virtualAuthenticators: true}
Session ID: 2283ac71e59c2fd1b67ac58f1b88f5a6
at java.base/jdk.internal.reflect.NativeConstructorAccessorImpl.newInstance0(Native Method)
at java.base/jdk.internal.reflect.NativeConstructorAccessorImpl.newInstance(NativeConstructorAccessorImpl.java:62)
at java.base/jdk.internal.reflect.DelegatingConstructorAccessorImpl.newInstance(DelegatingConstructorAccessorImpl.java:45)
at java.base/java.lang.reflect.Constructor.newInstanceWithCaller(Constructor.java:500)
at java.base/java.lang.reflect.Constructor.newInstance(Constructor.java:481)
at org.openqa.selenium.remote.http.W3CHttpResponseCodec.createException(W3CHttpResponseCodec.java:187)
at org.openqa.selenium.remote.http.W3CHttpResponseCodec.decode(W3CHttpResponseCodec.java:122)
at org.openqa.selenium.remote.http.W3CHttpResponseCodec.decode(W3CHttpResponseCodec.java:49)
at org.openqa.selenium.remote.HttpCommandExecutor.execute(HttpCommandExecutor.java:158)
at org.openqa.selenium.remote.service.DriverCommandExecutor.execute(DriverCommandExecutor.java:83)
at org.openqa.selenium.remote.RemoteWebDriver.execute(RemoteWebDriver.java:552)
at org.openqa.selenium.remote.RemoteWebElement.execute(RemoteWebElement.java:285)
at org.openqa.selenium.remote.RemoteWebElement.click(RemoteWebElement.java:84)
at pageObjects.HomePage.addPlaylist(HomePage.java:128)
at tests.HomePageTests.homePageTest_AddPlaylist_NewPlaylistAdded(HomePageTests.java:26)
at java.base/jdk.internal.reflect.NativeMethodAccessorImpl.invoke0(Native Method)
at java.base/jdk.internal.reflect.NativeMethodAccessorImpl.invoke(NativeMethodAccessorImpl.java:62)
at java.base/jdk.internal.reflect.DelegatingMethodAccessorImpl.invoke(DelegatingMethodAccessorImpl.java:43)
at java.base/java.lang.reflect.Method.invoke(Method.java:564)
at org.testng.internal.MethodInvocationHelper.invokeMethod(MethodInvocationHelper.java:134)
at org.testng.internal.TestInvoker.invokeMethod(TestInvoker.java:597)
at org.testng.internal.TestInvoker.invokeTestMethod(TestInvoker.java:173)
at org.testng.internal.MethodRunner.runInSequence(MethodRunner.java:46)
at org.testng.internal.TestInvoker$MethodInvocationAgent.invoke(TestInvoker.java:816)
at org.testng.internal.TestInvoker.invokeTestMethods(TestInvoker.java:146)
at org.testng.internal.TestMethodWorker.invokeTestMethods(TestMethodWorker.java:146)
at org.testng.internal.TestMethodWorker.run(TestMethodWorker.java:128)
at java.base/java.util.concurrent.ThreadPoolExecutor.runWorker(ThreadPoolExecutor.java:1130)
at java.base/java.util.concurrent.ThreadPoolExecutor$Worker.run(ThreadPoolExecutor.java:630)
at java.base/java.lang.Thread.run(Thread.java:832)
]]>
                        </full-stacktrace>
                    </exception> <!-- org.openqa.selenium.ElementClickInterceptedException -->
                    <reporter-output>
                    </reporter-output>
                </test-method> <!-- homePageTest_AddPlaylist_NewPlaylistAdded -->
                <test-method is-config="true"
                             signature="tearDown(org.testng.ITestResult)[pri:0, instance:tests.HomePageTests@20bd8be5]"
                             started-at="2020-05-02T11:51:42 PDT" name="tearDown" finished-at="2020-05-02T11:51:43 PDT"
                             duration-ms="976" status="PASS">
                    <params>
                        <param index="0">
                            <value>
                                <![CDATA[[TestResult name=homePageTest_AddPlaylist_NewPlaylistAdded status=FAILURE method=HomePageTests.homePageTest_AddPlaylist_NewPlaylistAdded(java.lang.String, java.lang.String, java.lang.String)[pri:0, instance:tests.HomePageTests@20bd8be5] output={null}]]]>
                            </value>
                        </param>
                    </params>
                    <reporter-output>
                    </reporter-output>
                </test-method> <!-- tearDown -->
            </class> <!-- tests.HomePageTests -->
            <class name="tests.LoginTests_new">
                <test-method is-config="true" signature="startUp()[pri:0, instance:tests.LoginTests_new@24959ca4]"
                             started-at="2020-05-02T11:51:32 PDT" name="startUp" finished-at="2020-05-02T11:51:35 PDT"
                             duration-ms="3606" status="PASS">
                    <reporter-output>
                    </reporter-output>
                </test-method> <!-- startUp -->
                <test-method
                        signature="loginTest_CorrectCredentials_LoggedToApp()[pri:0, instance:tests.LoginTests_new@24959ca4]"
                        started-at="2020-05-02T11:51:35 PDT" name="loginTest_CorrectCredentials_LoggedToApp"
                        finished-at="2020-05-02T11:51:41 PDT" duration-ms="5340" status="PASS">
                    <reporter-output>
                    </reporter-output>
                </test-method> <!-- loginTest_CorrectCredentials_LoggedToApp -->
                <test-method is-config="true"
                             signature="tearDown(org.testng.ITestResult)[pri:0, instance:tests.LoginTests_new@24959ca4]"
                             started-at="2020-05-02T11:51:41 PDT" name="tearDown" finished-at="2020-05-02T11:51:41 PDT"
                             duration-ms="559" status="PASS">
                    <params>
                        <param index="0">
                            <value>
                                <![CDATA[[TestResult name=loginTest_CorrectCredentials_LoggedToApp status=SUCCESS method=LoginTests_new.loginTest_CorrectCredentials_LoggedToApp()[pri:0, instance:tests.LoginTests_new@24959ca4] output={null}]]]>
                            </value>
                        </param>
                    </params>
                    <reporter-output>
                    </reporter-output>
                </test-method> <!-- tearDown -->
                <test-method is-config="true" signature="startUp()[pri:0, instance:tests.LoginTests_new@24959ca4]"
                             started-at="2020-05-02T11:51:41 PDT" name="startUp" finished-at="2020-05-02T11:51:44 PDT"
                             duration-ms="3023" status="PASS">
                    <reporter-output>
                    </reporter-output>
                </test-method> <!-- startUp -->
                <test-method
                        signature="loginTest_IncorrectCredentials_NotLoggedToApp()[pri:0, instance:tests.LoginTests_new@24959ca4]"
                        started-at="2020-05-02T11:51:44 PDT" name="loginTest_IncorrectCredentials_NotLoggedToApp"
                        finished-at="2020-05-02T11:51:47 PDT" duration-ms="2628" status="PASS">
                    <reporter-output>
                    </reporter-output>
                </test-method> <!-- loginTest_IncorrectCredentials_NotLoggedToApp -->
                <test-method is-config="true"
                             signature="tearDown(org.testng.ITestResult)[pri:0, instance:tests.LoginTests_new@24959ca4]"
                             started-at="2020-05-02T11:51:47 PDT" name="tearDown" finished-at="2020-05-02T11:51:47 PDT"
                             duration-ms="549" status="PASS">
                    <params>
                        <param index="0">
                            <value>
                                <![CDATA[[TestResult name=loginTest_IncorrectCredentials_NotLoggedToApp status=SUCCESS method=LoginTests_new.loginTest_IncorrectCredentials_NotLoggedToApp()[pri:0, instance:tests.LoginTests_new@24959ca4] output={null}]]]>
                            </value>
                        </param>
                    </params>
                    <reporter-output>
                    </reporter-output>
                </test-method> <!-- tearDown -->
            </class> <!-- tests.LoginTests_new -->
        </test> <!-- All tests -->
    </suite> <!-- Master Suite -->
</testng-results>
